Using pre-set license
Built from '2020.3/staging' branch; Version is '2020.3.19f1 (68f137dc9bbe) revision 6877495'; Using compiler version '192528614'; Build Type 'Release'
OS: 'Windows 10 Home Single Language; OS build 22000.348; Version 2009; 64bit' Language: 'en' Physical Memory: 15789 MB
BatchMode: 1, IsHumanControllingUs: 0, StartBugReporterOnCrash: 0, Is64bit: 1, IsPro: 0

COMMAND LINE ARGUMENTS:
C:\Program Files\Unity\Hub\Editor\2020.3.19f1\Editor\Unity.exe
-adb2
-batchMode
-noUpm
-name
AssetImportWorker0
-projectPath
D:/Unity Projects/Movie/Game2
-logFile
Logs/AssetImportWorker0.log
-srvPort
60278
Successfully changed project path to: D:/Unity Projects/Movie/Game2
D:/Unity Projects/Movie/Game2
Using Asset Import Pipeline V2.
Refreshing native plugins compatible for Editor in 37.40 ms, found 2 plugins.
Preloading 0 native plugins for Editor in 0.00 ms.
Initialize engine version: 2020.3.19f1 (68f137dc9bbe)
[Subsystems] Discovering subsystems at path C:/Program Files/Unity/Hub/Editor/2020.3.19f1/Editor/Data/Resources/UnitySubsystems
[Subsystems] Discovering subsystems at path D:/Unity Projects/Movie/Game2/Assets
GfxDevice: creating device client; threaded=0
Direct3D:
    Version:  Direct3D 11.0 [level 11.1]
    Renderer: NVIDIA GeForce RTX 2060 (ID=0x1f15)
    Vendor:   
    VRAM:     5980 MB
    Driver:   30.0.14.9709
Initialize mono
Mono path[0] = 'C:/Program Files/Unity/Hub/Editor/2020.3.19f1/Editor/Data/Managed'
Mono path[1] = 'C:/Program Files/Unity/Hub/Editor/2020.3.19f1/Editor/Data/MonoBleedingEdge/lib/mono/unityjit'
Mono config path = 'C:/Program Files/Unity/Hub/Editor/2020.3.19f1/Editor/Data/MonoBleedingEdge/etc'
Using monoOptions --debugger-agent=transport=dt_socket,embedding=1,server=y,suspend=n,address=127.0.0.1:56072
Begin MonoManager ReloadAssembly
Registering precompiled unity dll's ...
Register platform support module: C:/Program Files/Unity/Hub/Editor/2020.3.19f1/Editor/Data/PlaybackEngines/WindowsStandaloneSupport/UnityEditor.WindowsStandalone.Extensions.dll
Registered in 0.001601 seconds.
Native extension for WindowsStandalone target not found
Refreshing native plugins compatible for Editor in 37.90 ms, found 2 plugins.
Preloading 0 native plugins for Editor in 0.00 ms.
Mono: successfully reloaded assembly
- Completed reload, in  2.087 seconds
Domain Reload Profiling:
	ReloadAssembly (2087ms)
		BeginReloadAssembly (61ms)
			ExecutionOrderSort (0ms)
			DisableScriptedObjects (0ms)
			BackupInstance (0ms)
			ReleaseScriptingObjects (0ms)
			CreateAndSetChildDomain (1ms)
		EndReloadAssembly (490ms)
			LoadAssemblies (59ms)
			RebuildTransferFunctionScriptingTraits (0ms)
			SetupTypeCache (175ms)
			ReleaseScriptCaches (0ms)
			RebuildScriptCaches (38ms)
			SetupLoadedEditorAssemblies (196ms)
				LogAssemblyErrors (0ms)
				InitializePlatformSupportModulesInManaged (5ms)
				SetLoadedEditorAssemblies (0ms)
				RefreshPlugins (38ms)
				BeforeProcessingInitializeOnLoad (23ms)
				ProcessInitializeOnLoadAttributes (96ms)
				ProcessInitializeOnLoadMethodAttributes (34ms)
				AfterProcessingInitializeOnLoad (0ms)
				EditorAssembliesLoaded (0ms)
			ExecutionOrderSort2 (0ms)
			AwakeInstancesAfterBackupRestoration (0ms)
Platform modules already initialized, skipping
Registering precompiled user dll's ...
Registered in 0.001877 seconds.
Begin MonoManager ReloadAssembly
Native extension for WindowsStandalone target not found
Refreshing native plugins compatible for Editor in 0.41 ms, found 2 plugins.
Preloading 0 native plugins for Editor in 0.00 ms.
Mono: successfully reloaded assembly
- Completed reload, in  1.228 seconds
Domain Reload Profiling:
	ReloadAssembly (1229ms)
		BeginReloadAssembly (173ms)
			ExecutionOrderSort (0ms)
			DisableScriptedObjects (6ms)
			BackupInstance (0ms)
			ReleaseScriptingObjects (0ms)
			CreateAndSetChildDomain (22ms)
		EndReloadAssembly (981ms)
			LoadAssemblies (91ms)
			RebuildTransferFunctionScriptingTraits (0ms)
			SetupTypeCache (334ms)
			ReleaseScriptCaches (0ms)
			RebuildScriptCaches (56ms)
			SetupLoadedEditorAssemblies (381ms)
				LogAssemblyErrors (0ms)
				InitializePlatformSupportModulesInManaged (6ms)
				SetLoadedEditorAssemblies (1ms)
				RefreshPlugins (1ms)
				BeforeProcessingInitializeOnLoad (93ms)
				ProcessInitializeOnLoadAttributes (268ms)
				ProcessInitializeOnLoadMethodAttributes (5ms)
				AfterProcessingInitializeOnLoad (7ms)
				EditorAssembliesLoaded (0ms)
			ExecutionOrderSort2 (0ms)
			AwakeInstancesAfterBackupRestoration (8ms)
Platform modules already initialized, skipping
========================================================================
Worker process is ready to serve import requests
Launched and connected shader compiler UnityShaderCompiler.exe after 0.07 seconds
Refreshing native plugins compatible for Editor in 0.39 ms, found 2 plugins.
Preloading 0 native plugins for Editor in 0.00 ms.
Unloading 1545 Unused Serialized files (Serialized files now loaded: 0)
System memory in use before: 69.7 MB.
System memory in use after: 69.8 MB.

Unloading 17 unused Assets to reduce memory usage. Loaded Objects now: 1980.
Total: 4.128700 ms (FindLiveObjects: 0.271200 ms CreateObjectMapping: 0.093100 ms MarkObjects: 3.680400 ms  DeleteObjects: 0.082300 ms)

AssetImportParameters requested are different than current active one (requested -> active):
  custom:framework-win-MediaFoundation: 216162199b28c13a410421893ffa2e32 -> 
  custom:video-decoder-ogg-theora: a1e56fd34408186e4bbccfd4996cb3dc -> 
  custom:container-muxer-webm: aa71ff27fc2769a1b78a27578f13a17b -> 
  custom:container-demuxer-webm: 4f35f7cbe854078d1ac9338744f61a02 -> 
  custom:container-demuxer-ogg: 62fdf1f143b41e24485cea50d1cbac27 -> 
  custom:video-encoder-webm-vp8: eb34c28f22e8b96e1ab97ce403110664 -> 
  custom:video-codec-MediaFoundation-h265: 746d11721c4dcdbdad8f713fa42b33f4 -> 
  custom:video-decoder-webm-vp8: 9c59270c3fd7afecdb556c50c9e8de78 -> 
  custom:audio-decoder-ogg-vorbis: bf7c407c2cedff20999df2af8eb42d56 -> 
  custom:audio-encoder-webm-vorbis: bf7c407c2cedff20999df2af8eb42d56 -> 
========================================================================
Received Import Request.
  path: Assets
  artifactKey: Guid(00000000000000001000000000000000) Importer(815301076,1909f56bfc062723c751e8b465ee728b)
Start importing Assets using Guid(00000000000000001000000000000000) Importer(815301076,1909f56bfc062723c751e8b465ee728b)  -> (artifact id: '42d402b061de3733987d63b9cc3b64de') in 0.012495 seconds 
  Import took 0.015655 seconds .

========================================================================
Received Import Request.
  Time since last request: 0.689364 seconds.
  path: Assets/Models
  artifactKey: Guid(794b981e040bed5419f2ab406abfed4c) Importer(815301076,1909f56bfc062723c751e8b465ee728b)
Start importing Assets/Models using Guid(794b981e040bed5419f2ab406abfed4c) Importer(815301076,1909f56bfc062723c751e8b465ee728b)  -> (artifact id: '3f493c15cf2db0625297620857a527ac') in 0.010760 seconds 
  Import took 0.013978 seconds .

========================================================================
Received Import Request.
  Time since last request: 6.052037 seconds.
  path: Assets/Animations
  artifactKey: Guid(93f987c2454582047a11e8e72d2fabec) Importer(815301076,1909f56bfc062723c751e8b465ee728b)
Start importing Assets/Animations using Guid(93f987c2454582047a11e8e72d2fabec) Importer(815301076,1909f56bfc062723c751e8b465ee728b)  -> (artifact id: '38093388781c27bb1a9b4e1a4a8c5edd') in 0.010813 seconds 
  Import took 0.015224 seconds .

========================================================================
Received Import Request.
  Time since last request: 25.259729 seconds.
  path: Assets/Scenes
  artifactKey: Guid(32fc1f73baf68864a8350b7f63c54018) Importer(815301076,1909f56bfc062723c751e8b465ee728b)
Start importing Assets/Scenes using Guid(32fc1f73baf68864a8350b7f63c54018) Importer(815301076,1909f56bfc062723c751e8b465ee728b)  -> (artifact id: '8d70a5a21f6e800bcf36aa6329e2c3f8') in 0.010095 seconds 
  Import took 0.013800 seconds .

========================================================================
Received Import Request.
  Time since last request: 1.447417 seconds.
  path: Assets/Scenes/SampleScene.unity
  artifactKey: Guid(9fc0d4010bbf28b4594072e72b8655ab) Importer(815301076,1909f56bfc062723c751e8b465ee728b)
Start importing Assets/Scenes/SampleScene.unity using Guid(9fc0d4010bbf28b4594072e72b8655ab) Importer(815301076,1909f56bfc062723c751e8b465ee728b)  -> (artifact id: '85059f4f9e1a832ed95adaa0d25c5c4c') in 0.017066 seconds 
  Import took 0.020840 seconds .

========================================================================
Received Import Request.
  Time since last request: 7.314342 seconds.
  path: Assets/Scenes/Game.unity
  artifactKey: Guid(9fc0d4010bbf28b4594072e72b8655ab) Importer(815301076,1909f56bfc062723c751e8b465ee728b)
Start importing Assets/Scenes/Game.unity using Guid(9fc0d4010bbf28b4594072e72b8655ab) Importer(815301076,1909f56bfc062723c751e8b465ee728b)  -> (artifact id: '389dec0db06e7d9c0dbc1537a396a069') in 0.009871 seconds 
  Import took 0.013600 seconds .

========================================================================
Received Import Request.
  Time since last request: 64.536828 seconds.
  path: Assets/Animations/Sneak Walk.fbx
  artifactKey: Guid(576406638fa62da43b1fe1427fabdcf1) Importer(815301076,1909f56bfc062723c751e8b465ee728b)
Start importing Assets/Animations/Sneak Walk.fbx using Guid(576406638fa62da43b1fe1427fabdcf1) Importer(815301076,1909f56bfc062723c751e8b465ee728b)  -> (artifact id: '959d21a4d7adca87c0acfddf68dc180b') in 0.084843 seconds 
  Import took 0.089060 seconds .

========================================================================
Received Import Request.
  Time since last request: 9.817142 seconds.
  path: Assets/Models/character.fbx
  artifactKey: Guid(a35425bddbe0b7049be585a19f412c50) Importer(815301076,1909f56bfc062723c751e8b465ee728b)
Start importing Assets/Models/character.fbx using Guid(a35425bddbe0b7049be585a19f412c50) Importer(815301076,1909f56bfc062723c751e8b465ee728b)  -> (artifact id: 'aa10910f1b1020d2a25cd9977bc40bce') in 0.966420 seconds 
  Import took 0.969825 seconds .

========================================================================
Received Import Request.
  Time since last request: 8.533601 seconds.
  path: Assets/Models/character.fbx
  artifactKey: Guid(a35425bddbe0b7049be585a19f412c50) Importer(815301076,1909f56bfc062723c751e8b465ee728b)
Start importing Assets/Models/character.fbx using Guid(a35425bddbe0b7049be585a19f412c50) Importer(815301076,1909f56bfc062723c751e8b465ee728b)  -> (artifact id: 'f0ddfe3e02edd573346ce86205cf5ec6') in 0.143625 seconds 
  Import took 0.148573 seconds .

========================================================================
Received Import Request.
  Time since last request: 9.506156 seconds.
  path: Assets/Models/Ch31_1001_Diffuse.png
  artifactKey: Guid(004df66b357c9964d8462b9a388bacf8) Importer(815301076,1909f56bfc062723c751e8b465ee728b)
Start importing Assets/Models/Ch31_1001_Diffuse.png using Guid(004df66b357c9964d8462b9a388bacf8) Importer(815301076,1909f56bfc062723c751e8b465ee728b)  -> (artifact id: 'e766fbd9adb43e6d46007d424b9da59d') in 0.030004 seconds 
  Import took 0.033574 seconds .

========================================================================
Received Import Request.
  Time since last request: 0.000268 seconds.
  path: Assets/Models/Ch31_1001_Normal.png
  artifactKey: Guid(111c03827082f064ab43c4bb9642b387) Importer(815301076,1909f56bfc062723c751e8b465ee728b)
Start importing Assets/Models/Ch31_1001_Normal.png using Guid(111c03827082f064ab43c4bb9642b387) Importer(815301076,1909f56bfc062723c751e8b465ee728b)  -> (artifact id: '599bbb32a0ecfbd9dc0971248ca4381c') in 0.016932 seconds 
  Import took 0.020530 seconds .

========================================================================
Received Import Request.
  Time since last request: 0.000301 seconds.
  path: Assets/Models/Ch31_1002_Diffuse.png
  artifactKey: Guid(298998259072b3644a0a52384328f1e4) Importer(815301076,1909f56bfc062723c751e8b465ee728b)
Start importing Assets/Models/Ch31_1002_Diffuse.png using Guid(298998259072b3644a0a52384328f1e4) Importer(815301076,1909f56bfc062723c751e8b465ee728b)  -> (artifact id: '72e684fccb4018f0c2a753234bc5c8f7') in 0.024302 seconds 
  Import took 0.027200 seconds .

========================================================================
Received Import Request.
  Time since last request: 0.000209 seconds.
  path: Assets/Models/character.fbx
  artifactKey: Guid(a35425bddbe0b7049be585a19f412c50) Importer(815301076,1909f56bfc062723c751e8b465ee728b)
Start importing Assets/Models/character.fbx using Guid(a35425bddbe0b7049be585a19f412c50) Importer(815301076,1909f56bfc062723c751e8b465ee728b)  -> (artifact id: '28333b6915eb28f4ff189d091054581f') in 0.146911 seconds 
  Import took 0.150500 seconds .

========================================================================
Received Import Request.
  Time since last request: 0.000450 seconds.
  path: Assets/Models/Ch31_1001_Glossiness.png
  artifactKey: Guid(457a914f3474a454f9c916b60061fd53) Importer(815301076,1909f56bfc062723c751e8b465ee728b)
Start importing Assets/Models/Ch31_1001_Glossiness.png using Guid(457a914f3474a454f9c916b60061fd53) Importer(815301076,1909f56bfc062723c751e8b465ee728b)  -> (artifact id: '76e1bc73c3ed9a2289122c8bdb3a60ab') in 0.019546 seconds 
  Import took 0.023195 seconds .

========================================================================
Received Import Request.
  Time since last request: 0.000329 seconds.
  path: Assets/Models/Ch31_1001_Specular.png
  artifactKey: Guid(a9dbee8787778b440a91ed8632ed80df) Importer(815301076,1909f56bfc062723c751e8b465ee728b)
Start importing Assets/Models/Ch31_1001_Specular.png using Guid(a9dbee8787778b440a91ed8632ed80df) Importer(815301076,1909f56bfc062723c751e8b465ee728b)  -> (artifact id: '6df2d04fc806c26d3feac5f2f90bf076') in 0.017027 seconds 
  Import took 0.020429 seconds .

========================================================================
Received Import Request.
  Time since last request: 5.553895 seconds.
  path: Assets/Models/Ch31_body.mat
  artifactKey: Guid(f80e2415b24fb294dbfe88a511842da3) Importer(815301076,1909f56bfc062723c751e8b465ee728b)
Start importing Assets/Models/Ch31_body.mat using Guid(f80e2415b24fb294dbfe88a511842da3) Importer(815301076,1909f56bfc062723c751e8b465ee728b)  -> (artifact id: 'be43b9dff32985925b396adcca406349') in 0.032036 seconds 
  Import took 0.036060 seconds .

========================================================================
Received Import Request.
  Time since last request: 0.000226 seconds.
  path: Assets/Models/character.fbx
  artifactKey: Guid(a35425bddbe0b7049be585a19f412c50) Importer(815301076,1909f56bfc062723c751e8b465ee728b)
Start importing Assets/Models/character.fbx using Guid(a35425bddbe0b7049be585a19f412c50) Importer(815301076,1909f56bfc062723c751e8b465ee728b)  -> (artifact id: 'baa71c0871fcb3855a14f6dc57914267') in 0.135530 seconds 
  Import took 0.139436 seconds .

========================================================================
Received Import Request.
  Time since last request: 0.000252 seconds.
  path: Assets/Models/Ch31_hair.mat
  artifactKey: Guid(1aa5a27e124d137478784273fd219430) Importer(815301076,1909f56bfc062723c751e8b465ee728b)
Start importing Assets/Models/Ch31_hair.mat using Guid(1aa5a27e124d137478784273fd219430) Importer(815301076,1909f56bfc062723c751e8b465ee728b)  -> (artifact id: '615229363abf0b6d4a7946e577f95d5b') in 0.027003 seconds 
  Import took 0.029968 seconds .

========================================================================
Received Import Request.
  Time since last request: 41.473470 seconds.
  path: Assets/Materials
  artifactKey: Guid(25a54474192fbb341bfde5c7c7cd9dc9) Importer(815301076,1909f56bfc062723c751e8b465ee728b)
Start importing Assets/Materials using Guid(25a54474192fbb341bfde5c7c7cd9dc9) Importer(815301076,1909f56bfc062723c751e8b465ee728b)  -> (artifact id: 'e2a912f8fc3c3bcfe6b8230b717ba621') in 0.009813 seconds 
  Import took 0.013388 seconds .

========================================================================
Received Import Request.
  Time since last request: 8.946714 seconds.
  path: Assets/Textures
  artifactKey: Guid(3e978c291f99083428f10af5b60a8d10) Importer(815301076,1909f56bfc062723c751e8b465ee728b)
Start importing Assets/Textures using Guid(3e978c291f99083428f10af5b60a8d10) Importer(815301076,1909f56bfc062723c751e8b465ee728b)  -> (artifact id: 'ec591ec39fe7caaee7c6ab1f22271678') in 0.009085 seconds 
  Import took 0.012890 seconds .

========================================================================
Received Import Request.
  Time since last request: 14.566577 seconds.
  path: Assets/Models/character.fbx
  artifactKey: Guid(a35425bddbe0b7049be585a19f412c50) Importer(815301076,1909f56bfc062723c751e8b465ee728b)
Start importing Assets/Models/character.fbx using Guid(a35425bddbe0b7049be585a19f412c50) Importer(815301076,1909f56bfc062723c751e8b465ee728b)  -> (artifact id: '561539eef98d7314bacddb2ba90db0da') in 0.119439 seconds 
  Import took 0.123416 seconds .

========================================================================
Received Import Request.
  Time since last request: 9.151157 seconds.
  path: Assets/Textures/Ch31_1001_Diffuse.png
  artifactKey: Guid(fa588c782d563ff429ca5b7ff810ce9f) Importer(815301076,1909f56bfc062723c751e8b465ee728b)
Start importing Assets/Textures/Ch31_1001_Diffuse.png using Guid(fa588c782d563ff429ca5b7ff810ce9f) Importer(815301076,1909f56bfc062723c751e8b465ee728b)  -> (artifact id: '3d7cfca537dd522a1bdeed5c0dc4a40a') in 0.017744 seconds 
  Import took 0.020950 seconds .

========================================================================
Received Import Request.
  Time since last request: 0.000405 seconds.
  path: Assets/Textures/Ch31_1001_Glossiness.png
  artifactKey: Guid(32fce497cbad65b44bab69dfa009adb4) Importer(815301076,1909f56bfc062723c751e8b465ee728b)
Start importing Assets/Textures/Ch31_1001_Glossiness.png using Guid(32fce497cbad65b44bab69dfa009adb4) Importer(815301076,1909f56bfc062723c751e8b465ee728b)  -> (artifact id: '3e080552864b08fac4dfef3e073512f3') in 0.017611 seconds 
  Import took 0.021604 seconds .

========================================================================
Received Import Request.
  Time since last request: 0.000308 seconds.
  path: Assets/Textures/Ch31_1001_Normal.png
  artifactKey: Guid(b17002b0e4bc5c049963bba0412bc72e) Importer(815301076,1909f56bfc062723c751e8b465ee728b)
Start importing Assets/Textures/Ch31_1001_Normal.png using Guid(b17002b0e4bc5c049963bba0412bc72e) Importer(815301076,1909f56bfc062723c751e8b465ee728b)  -> (artifact id: '8054368b8f62576b0ed5091fa25cca9f') in 0.016013 seconds 
  Import took 0.019405 seconds .

========================================================================
Received Import Request.
  Time since last request: 0.000353 seconds.
  path: Assets/Textures/Ch31_1001_Specular.png
  artifactKey: Guid(28384b1dffd800c4c87acc0b17221ab9) Importer(815301076,1909f56bfc062723c751e8b465ee728b)
Start importing Assets/Textures/Ch31_1001_Specular.png using Guid(28384b1dffd800c4c87acc0b17221ab9) Importer(815301076,1909f56bfc062723c751e8b465ee728b)  -> (artifact id: '5b61bfb00fd99ecfa475433e9a7fdafb') in 0.012776 seconds 
  Import took 0.016400 seconds .

========================================================================
Received Import Request.
  Time since last request: 0.000298 seconds.
  path: Assets/Textures/Ch31_1002_Diffuse.png
  artifactKey: Guid(26c605e5bee31df4e96ec14535265c69) Importer(815301076,1909f56bfc062723c751e8b465ee728b)
Start importing Assets/Textures/Ch31_1002_Diffuse.png using Guid(26c605e5bee31df4e96ec14535265c69) Importer(815301076,1909f56bfc062723c751e8b465ee728b)  -> (artifact id: 'ff5c2e51921f88caf5049b85c3170c9f') in 0.021722 seconds 
  Import took 0.025534 seconds .

========================================================================
Received Import Request.
  Time since last request: 25.709599 seconds.
  path: Assets/Models/Ch31_1001_Diffuse.png
  artifactKey: Guid(d76e688a9a3dff445a407367bc75f3f8) Importer(815301076,1909f56bfc062723c751e8b465ee728b)
Start importing Assets/Models/Ch31_1001_Diffuse.png using Guid(d76e688a9a3dff445a407367bc75f3f8) Importer(815301076,1909f56bfc062723c751e8b465ee728b)  -> (artifact id: '6899304eff73861faabf14307bd8413e') in 0.018924 seconds 
  Import took 0.023634 seconds .

========================================================================
Received Import Request.
  Time since last request: 0.000294 seconds.
  path: Assets/Models/Ch31_1001_Glossiness.png
  artifactKey: Guid(8963efb55ad66c845a44786f427b0622) Importer(815301076,1909f56bfc062723c751e8b465ee728b)
Start importing Assets/Models/Ch31_1001_Glossiness.png using Guid(8963efb55ad66c845a44786f427b0622) Importer(815301076,1909f56bfc062723c751e8b465ee728b)  -> (artifact id: 'cc589263157beb348b198b97b3d63d02') in 0.015516 seconds 
  Import took 0.019080 seconds .

========================================================================
Received Import Request.
  Time since last request: 0.000299 seconds.
  path: Assets/Models/Ch31_1002_Diffuse.png
  artifactKey: Guid(e8a92d68cc7a0b24fbbfd5e15b988b4e) Importer(815301076,1909f56bfc062723c751e8b465ee728b)
Start importing Assets/Models/Ch31_1002_Diffuse.png using Guid(e8a92d68cc7a0b24fbbfd5e15b988b4e) Importer(815301076,1909f56bfc062723c751e8b465ee728b)  -> (artifact id: '382c10c0831c192204c1c8b7ce8d1c02') in 0.018586 seconds 
  Import took 0.022336 seconds .

========================================================================
Received Import Request.
  Time since last request: 0.000297 seconds.
  path: Assets/Models/Ch31_1001_Specular.png
  artifactKey: Guid(716936d9820d02840b9a9f92247da7de) Importer(815301076,1909f56bfc062723c751e8b465ee728b)
Start importing Assets/Models/Ch31_1001_Specular.png using Guid(716936d9820d02840b9a9f92247da7de) Importer(815301076,1909f56bfc062723c751e8b465ee728b)  -> (artifact id: '8913357505bdeb26a75c4e8a93876831') in 0.018585 seconds 
  Import took 0.021572 seconds .

========================================================================
Received Import Request.
  Time since last request: 0.000236 seconds.
  path: Assets/Models/character.fbx
  artifactKey: Guid(a35425bddbe0b7049be585a19f412c50) Importer(815301076,1909f56bfc062723c751e8b465ee728b)
Start importing Assets/Models/character.fbx using Guid(a35425bddbe0b7049be585a19f412c50) Importer(815301076,1909f56bfc062723c751e8b465ee728b)  -> (artifact id: '4e93506de1a583bafb823406670a0b72') in 0.137687 seconds 
  Import took 0.141193 seconds .

========================================================================
Received Import Request.
  Time since last request: 0.000386 seconds.
  path: Assets/Models/Ch31_1001_Normal.png
  artifactKey: Guid(83798e05043334249acb268c9457b43d) Importer(815301076,1909f56bfc062723c751e8b465ee728b)
Start importing Assets/Models/Ch31_1001_Normal.png using Guid(83798e05043334249acb268c9457b43d) Importer(815301076,1909f56bfc062723c751e8b465ee728b)  -> (artifact id: 'f653e55b7b5af141663c3fd11f4461c0') in 0.019001 seconds 
  Import took 0.022501 seconds .

========================================================================
Received Import Request.
  Time since last request: 5.122612 seconds.
  path: Assets/Models/Ch31_body.mat
  artifactKey: Guid(f80e2415b24fb294dbfe88a511842da3) Importer(815301076,1909f56bfc062723c751e8b465ee728b)
Start importing Assets/Models/Ch31_body.mat using Guid(f80e2415b24fb294dbfe88a511842da3) Importer(815301076,1909f56bfc062723c751e8b465ee728b)  -> (artifact id: 'aa0ce41c79b23933c093333a648e1843') in 0.025783 seconds 
  Import took 0.029596 seconds .

========================================================================
Received Import Request.
  Time since last request: 0.000277 seconds.
  path: Assets/Models/character.fbx
  artifactKey: Guid(a35425bddbe0b7049be585a19f412c50) Importer(815301076,1909f56bfc062723c751e8b465ee728b)
Start importing Assets/Models/character.fbx using Guid(a35425bddbe0b7049be585a19f412c50) Importer(815301076,1909f56bfc062723c751e8b465ee728b)  -> (artifact id: 'd568cc3498c7bbc47c81cbf55ea5576b') in 0.131659 seconds 
  Import took 0.135749 seconds .

========================================================================
Received Import Request.
  Time since last request: 0.000264 seconds.
  path: Assets/Models/Ch31_hair.mat
  artifactKey: Guid(1aa5a27e124d137478784273fd219430) Importer(815301076,1909f56bfc062723c751e8b465ee728b)
Start importing Assets/Models/Ch31_hair.mat using Guid(1aa5a27e124d137478784273fd219430) Importer(815301076,1909f56bfc062723c751e8b465ee728b)  -> (artifact id: '835b5496eacd38204599051efe827a7d') in 0.025920 seconds 
  Import took 0.029891 seconds .

========================================================================
Received Import Request.
  Time since last request: 4.715188 seconds.
  path: Assets/Models/character.fbx
  artifactKey: Guid(a35425bddbe0b7049be585a19f412c50) Importer(815301076,1909f56bfc062723c751e8b465ee728b)
Start importing Assets/Models/character.fbx using Guid(a35425bddbe0b7049be585a19f412c50) Importer(815301076,1909f56bfc062723c751e8b465ee728b)  -> (artifact id: 'bb28fa656da859db5af467a1622cf2d9') in 0.125075 seconds 
  Import took 0.128544 seconds .

========================================================================
Received Import Request.
  Time since last request: 35.854422 seconds.
  path: Assets/Models/1.fbx
  artifactKey: Guid(08913cd0a48d1044494c06be1b37108d) Importer(815301076,1909f56bfc062723c751e8b465ee728b)
Start importing Assets/Models/1.fbx using Guid(08913cd0a48d1044494c06be1b37108d) Importer(815301076,1909f56bfc062723c751e8b465ee728b)  -> (artifact id: 'a0f98267c1426c657c7783cb5980c63c') in 0.108564 seconds 
  Import took 0.112630 seconds .

========================================================================
Received Import Request.
  Time since last request: 8.002332 seconds.
  path: Assets/Models/1.fbx
  artifactKey: Guid(08913cd0a48d1044494c06be1b37108d) Importer(815301076,1909f56bfc062723c751e8b465ee728b)
Start importing Assets/Models/1.fbx using Guid(08913cd0a48d1044494c06be1b37108d) Importer(815301076,1909f56bfc062723c751e8b465ee728b)  -> (artifact id: 'b245221cf475c6489a0f2c9ba4f50e86') in 0.087263 seconds 
  Import took 0.091034 seconds .

========================================================================
Received Import Request.
  Time since last request: 0.000307 seconds.
  path: Assets/Models/Material #28.mat
  artifactKey: Guid(a3bbf50bd89332944bfc9ce42f75c1c8) Importer(815301076,1909f56bfc062723c751e8b465ee728b)
Start importing Assets/Models/Material #28.mat using Guid(a3bbf50bd89332944bfc9ce42f75c1c8) Importer(815301076,1909f56bfc062723c751e8b465ee728b)  -> (artifact id: 'c1d2374dfa196b568bbfa3577760ba27') in 0.016597 seconds 
  Import took 0.019714 seconds .

========================================================================
Received Import Request.
  Time since last request: 0.000262 seconds.
  path: Assets/Models/Material #25.mat
  artifactKey: Guid(c1231b401ec7c1040bd231564192cda3) Importer(815301076,1909f56bfc062723c751e8b465ee728b)
Start importing Assets/Models/Material #25.mat using Guid(c1231b401ec7c1040bd231564192cda3) Importer(815301076,1909f56bfc062723c751e8b465ee728b)  -> (artifact id: 'bf916fc31d8a7b4590834cbc52799de9') in 0.017276 seconds 
  Import took 0.020264 seconds .

========================================================================
Received Import Request.
  Time since last request: 0.000271 seconds.
  path: Assets/Models/Material #26.mat
  artifactKey: Guid(43c21f8d31c87b748a466582a0a8af84) Importer(815301076,1909f56bfc062723c751e8b465ee728b)
Start importing Assets/Models/Material #26.mat using Guid(43c21f8d31c87b748a466582a0a8af84) Importer(815301076,1909f56bfc062723c751e8b465ee728b)  -> (artifact id: 'ef9cf8a73319b3b56e8c714e7fe4228f') in 0.017410 seconds 
  Import took 0.020581 seconds .

========================================================================
Received Import Request.
  Time since last request: 0.000236 seconds.
  path: Assets/Models/Material #27.mat
  artifactKey: Guid(a2d740d2c5773744abaf69cf49df8739) Importer(815301076,1909f56bfc062723c751e8b465ee728b)
Start importing Assets/Models/Material #27.mat using Guid(a2d740d2c5773744abaf69cf49df8739) Importer(815301076,1909f56bfc062723c751e8b465ee728b)  -> (artifact id: 'c6a51aad15a38316fa6262538ebe0864') in 0.019835 seconds 
  Import took 0.022641 seconds .

========================================================================
Received Import Request.
  Time since last request: 61.015175 seconds.
  path: Assets/Models/Material__25_albedo.jpg
  artifactKey: Guid(c8b13588696bf2449892b7196b23a7c0) Importer(815301076,1909f56bfc062723c751e8b465ee728b)
Start importing Assets/Models/Material__25_albedo.jpg using Guid(c8b13588696bf2449892b7196b23a7c0) Importer(815301076,1909f56bfc062723c751e8b465ee728b)  -> (artifact id: '96e760340b3999cb690a700a624c7a86') in 0.021148 seconds 
  Import took 0.025173 seconds .

========================================================================
Received Import Request.
  Time since last request: 0.000264 seconds.
  path: Assets/Models/Material__26_normal.jpg
  artifactKey: Guid(45e058576e8898341a9b9e4bc43e13ea) Importer(815301076,1909f56bfc062723c751e8b465ee728b)
Start importing Assets/Models/Material__26_normal.jpg using Guid(45e058576e8898341a9b9e4bc43e13ea) Importer(815301076,1909f56bfc062723c751e8b465ee728b)  -> (artifact id: '599cae7ac8208e3fcad85e9a9991dd71') in 0.015898 seconds 
  Import took 0.018794 seconds .

========================================================================
Received Import Request.
  Time since last request: 0.000290 seconds.
  path: Assets/Models/Material__25_normal.jpg
  artifactKey: Guid(336431d2b79f7464e921de36f200c729) Importer(815301076,1909f56bfc062723c751e8b465ee728b)
Start importing Assets/Models/Material__25_normal.jpg using Guid(336431d2b79f7464e921de36f200c729) Importer(815301076,1909f56bfc062723c751e8b465ee728b)  -> (artifact id: '480e49dfb3ec680e1b8ebbcbe3ce9552') in 0.015631 seconds 
  Import took 0.019123 seconds .

========================================================================
Received Import Request.
  Time since last request: 0.000250 seconds.
  path: Assets/Models/Material__25_metallic.jpg
  artifactKey: Guid(58410439f23147d4b85d154419f96c3e) Importer(815301076,1909f56bfc062723c751e8b465ee728b)
Start importing Assets/Models/Material__25_metallic.jpg using Guid(58410439f23147d4b85d154419f96c3e) Importer(815301076,1909f56bfc062723c751e8b465ee728b)  -> (artifact id: '6641dc9b26e73c48e18036e79fffeebb') in 0.015834 seconds 
  Import took 0.018927 seconds .

========================================================================
Received Import Request.
  Time since last request: 0.000285 seconds.
  path: Assets/Models/Material__26_metallic.jpg
  artifactKey: Guid(d3d0a877948d5044dbf7c6a574b05717) Importer(815301076,1909f56bfc062723c751e8b465ee728b)
Start importing Assets/Models/Material__26_metallic.jpg using Guid(d3d0a877948d5044dbf7c6a574b05717) Importer(815301076,1909f56bfc062723c751e8b465ee728b)  -> (artifact id: 'a3b1555114729a2496dafb9b9805ff8a') in 0.017115 seconds 
  Import took 0.020795 seconds .

========================================================================
Received Import Request.
  Time since last request: 0.000255 seconds.
  path: Assets/Models/Material__27_albedo.jpg
  artifactKey: Guid(42970e9264561ff4ab096a1ca1c5f26d) Importer(815301076,1909f56bfc062723c751e8b465ee728b)
Start importing Assets/Models/Material__27_albedo.jpg using Guid(42970e9264561ff4ab096a1ca1c5f26d) Importer(815301076,1909f56bfc062723c751e8b465ee728b)  -> (artifact id: '2e48dc8e77792aa2053c4647ff4f541f') in 0.017178 seconds 
  Import took 0.020199 seconds .

========================================================================
Received Import Request.
  Time since last request: 0.000287 seconds.
  path: Assets/Models/Material__26_albedo.jpg
  artifactKey: Guid(65943021f5fd70e4788e890dab9bc71f) Importer(815301076,1909f56bfc062723c751e8b465ee728b)
Start importing Assets/Models/Material__26_albedo.jpg using Guid(65943021f5fd70e4788e890dab9bc71f) Importer(815301076,1909f56bfc062723c751e8b465ee728b)  -> (artifact id: '911bc7331ef9e0d6414590108bb30c6c') in 0.018566 seconds 
  Import took 0.022543 seconds .

========================================================================
Received Import Request.
  Time since last request: 0.000406 seconds.
  path: Assets/Models/Material__26_roughness.jpg
  artifactKey: Guid(e8e7190436ef5a443a61b16803d0fd8d) Importer(815301076,1909f56bfc062723c751e8b465ee728b)
Start importing Assets/Models/Material__26_roughness.jpg using Guid(e8e7190436ef5a443a61b16803d0fd8d) Importer(815301076,1909f56bfc062723c751e8b465ee728b)  -> (artifact id: '3b5134e5c6fc464d012d710d4a70c6b3') in 0.017661 seconds 
  Import took 0.020990 seconds .

========================================================================
Received Import Request.
  Time since last request: 0.000313 seconds.
  path: Assets/Models/Material__25_roughness.jpg
  artifactKey: Guid(09805b6f3462bbb44a6b2a84f7d9f352) Importer(815301076,1909f56bfc062723c751e8b465ee728b)
Start importing Assets/Models/Material__25_roughness.jpg using Guid(09805b6f3462bbb44a6b2a84f7d9f352) Importer(815301076,1909f56bfc062723c751e8b465ee728b)  -> (artifact id: 'ef1d1cedb4034bf15d1739ba09c0e2c9') in 0.016573 seconds 
  Import took 0.020072 seconds .

========================================================================
Received Import Request.
  Time since last request: 0.000474 seconds.
  path: Assets/Models/Material__26_AO.jpg
  artifactKey: Guid(8671e86b0220d26489983807d36c01da) Importer(815301076,1909f56bfc062723c751e8b465ee728b)
Start importing Assets/Models/Material__26_AO.jpg using Guid(8671e86b0220d26489983807d36c01da) Importer(815301076,1909f56bfc062723c751e8b465ee728b)  -> (artifact id: '710c52e128700f0f36557e49387fcb6d') in 0.015788 seconds 
  Import took 0.019047 seconds .

========================================================================
Received Import Request.
  Time since last request: 2.176311 seconds.
  path: Assets/Models/Material__27_AO.jpg
  artifactKey: Guid(ba820e022946fb54ea64e03155eef272) Importer(815301076,1909f56bfc062723c751e8b465ee728b)
Start importing Assets/Models/Material__27_AO.jpg using Guid(ba820e022946fb54ea64e03155eef272) Importer(815301076,1909f56bfc062723c751e8b465ee728b)  -> (artifact id: '61ff9004d1e6d18d7a4fcae49b63af01') in 0.016980 seconds 
  Import took 0.020976 seconds .

========================================================================
Received Import Request.
  Time since last request: 0.000343 seconds.
  path: Assets/Models/Material__27_normal.jpg
  artifactKey: Guid(801e29c3ff331ea41af5dd5e48ea62b6) Importer(815301076,1909f56bfc062723c751e8b465ee728b)
Start importing Assets/Models/Material__27_normal.jpg using Guid(801e29c3ff331ea41af5dd5e48ea62b6) Importer(815301076,1909f56bfc062723c751e8b465ee728b)  -> (artifact id: 'b7b3ee853d8ad9725daa4209abaff34f') in 0.017905 seconds 
  Import took 0.021154 seconds .

========================================================================
Received Import Request.
  Time since last request: 0.000290 seconds.
  path: Assets/Models/Material__27_metallic.jpg
  artifactKey: Guid(632a0ed0b8c3e26439f86baceac06631) Importer(815301076,1909f56bfc062723c751e8b465ee728b)
Start importing Assets/Models/Material__27_metallic.jpg using Guid(632a0ed0b8c3e26439f86baceac06631) Importer(815301076,1909f56bfc062723c751e8b465ee728b)  -> (artifact id: '066de3e18131eac2d43ac4893357157d') in 0.015449 seconds 
  Import took 0.018981 seconds .

========================================================================
Received Import Request.
  Time since last request: 0.000337 seconds.
  path: Assets/Models/Material__28_metallic.jpg
  artifactKey: Guid(7465bf0dd5584d64c892473d9b69e7d6) Importer(815301076,1909f56bfc062723c751e8b465ee728b)
Start importing Assets/Models/Material__28_metallic.jpg using Guid(7465bf0dd5584d64c892473d9b69e7d6) Importer(815301076,1909f56bfc062723c751e8b465ee728b)  -> (artifact id: '169552ef90697b0bac3e0d73677ec7d6') in 0.015413 seconds 
  Import took 0.018928 seconds .

========================================================================
Received Import Request.
  Time since last request: 0.000386 seconds.
  path: Assets/Models/Material__28_albedo.jpg
  artifactKey: Guid(a91f704a834b2d34f8de3b015caaf699) Importer(815301076,1909f56bfc062723c751e8b465ee728b)
Start importing Assets/Models/Material__28_albedo.jpg using Guid(a91f704a834b2d34f8de3b015caaf699) Importer(815301076,1909f56bfc062723c751e8b465ee728b)  -> (artifact id: 'ca5725720600a99e2df18a7991421220') in 0.016002 seconds 
  Import took 0.019573 seconds .

========================================================================
Received Import Request.
  Time since last request: 0.000317 seconds.
  path: Assets/Models/Material__27_roughness.jpg
  artifactKey: Guid(8f2b846c381069f478e935207cd87366) Importer(815301076,1909f56bfc062723c751e8b465ee728b)
Start importing Assets/Models/Material__27_roughness.jpg using Guid(8f2b846c381069f478e935207cd87366) Importer(815301076,1909f56bfc062723c751e8b465ee728b)  -> (artifact id: '99eee4fb2c254aa4cdb7f31b22dd834f') in 0.016917 seconds 
  Import took 0.020223 seconds .

========================================================================
Received Import Request.
  Time since last request: 0.000264 seconds.
  path: Assets/Models/Material__28_normal.jpg
  artifactKey: Guid(3c22a3cf04b48164fb11b9ec0989bd61) Importer(815301076,1909f56bfc062723c751e8b465ee728b)
Start importing Assets/Models/Material__28_normal.jpg using Guid(3c22a3cf04b48164fb11b9ec0989bd61) Importer(815301076,1909f56bfc062723c751e8b465ee728b)  -> (artifact id: '69fc5723f9c32fc1abe3e9e48c229f2e') in 0.015870 seconds 
  Import took 0.019077 seconds .

========================================================================
Received Import Request.
  Time since last request: 0.000269 seconds.
  path: Assets/Models/Material__28_roughness.jpg
  artifactKey: Guid(8e341aa66f4e1664d95611b8c2f6ccbe) Importer(815301076,1909f56bfc062723c751e8b465ee728b)
Start importing Assets/Models/Material__28_roughness.jpg using Guid(8e341aa66f4e1664d95611b8c2f6ccbe) Importer(815301076,1909f56bfc062723c751e8b465ee728b)  -> (artifact id: 'd81980626f2307b0337f217379e87763') in 0.018852 seconds 
  Import took 0.022054 seconds .

========================================================================
Received Import Request.
  Time since last request: 56.233663 seconds.
  path: Assets/Models/Materials/Material__27_albedo.mat
  artifactKey: Guid(300d508f57843204ca485fead97f299b) Importer(815301076,1909f56bfc062723c751e8b465ee728b)
Start importing Assets/Models/Materials/Material__27_albedo.mat using Guid(300d508f57843204ca485fead97f299b) Importer(815301076,1909f56bfc062723c751e8b465ee728b)  -> (artifact id: '8e346d2e76a7cee50d6c17a34942200d') in 0.018065 seconds 
  Import took 0.023362 seconds .

========================================================================
Received Import Request.
  Time since last request: 0.000300 seconds.
  path: Assets/Models/Materials/Material__28_albedo.mat
  artifactKey: Guid(e05ac4acbe86f25488d7a9fe42680bd8) Importer(815301076,1909f56bfc062723c751e8b465ee728b)
Start importing Assets/Models/Materials/Material__28_albedo.mat using Guid(e05ac4acbe86f25488d7a9fe42680bd8) Importer(815301076,1909f56bfc062723c751e8b465ee728b)  -> (artifact id: '39e7e45531908d8fba4e90fc4710b65c') in 0.023916 seconds 
  Import took 0.027373 seconds .

========================================================================
Received Import Request.
  Time since last request: 22.981698 seconds.
  path: Assets/Models/Materials
  artifactKey: Guid(77334e6336de0354ba85a95778ce4685) Importer(815301076,1909f56bfc062723c751e8b465ee728b)
Start importing Assets/Models/Materials using Guid(77334e6336de0354ba85a95778ce4685) Importer(815301076,1909f56bfc062723c751e8b465ee728b)  -> (artifact id: '8b0b7a5b49d10b72523f35c73e730ca6') in 0.004088 seconds 
  Import took 0.007643 seconds .

========================================================================
Received Import Request.
  Time since last request: 192.810836 seconds.
  path: Assets/Models/Materials/Material__25_albedo.mat
  artifactKey: Guid(24f94416709585347bec563a36fd2307) Importer(815301076,1909f56bfc062723c751e8b465ee728b)
Start importing Assets/Models/Materials/Material__25_albedo.mat using Guid(24f94416709585347bec563a36fd2307) Importer(815301076,1909f56bfc062723c751e8b465ee728b)  -> (artifact id: '652a2ec8a866fe097b317f1cf9177400') in 0.023032 seconds 
  Import took 0.027016 seconds .

========================================================================
Received Import Request.
  Time since last request: 0.000298 seconds.
  path: Assets/Models/Materials/Material__27_AO.mat
  artifactKey: Guid(607adfe19ff4a1c458521be70b3ae56b) Importer(815301076,1909f56bfc062723c751e8b465ee728b)
Start importing Assets/Models/Materials/Material__27_AO.mat using Guid(607adfe19ff4a1c458521be70b3ae56b) Importer(815301076,1909f56bfc062723c751e8b465ee728b)  -> (artifact id: '246b919b60b305829a562a0fa0529e72') in 0.021484 seconds 
  Import took 0.024604 seconds .

========================================================================
Received Import Request.
  Time since last request: 0.000293 seconds.
  path: Assets/Models/Materials/Material__28_roughness.mat
  artifactKey: Guid(3c6f0fbe866b92748b7ba233735032c0) Importer(815301076,1909f56bfc062723c751e8b465ee728b)
Start importing Assets/Models/Materials/Material__28_roughness.mat using Guid(3c6f0fbe866b92748b7ba233735032c0) Importer(815301076,1909f56bfc062723c751e8b465ee728b)  -> (artifact id: '310a3b572c1d18f30f031913e14c284d') in 0.019739 seconds 
  Import took 0.022803 seconds .

========================================================================
Received Import Request.
  Time since last request: 0.000319 seconds.
  path: Assets/Models/Materials/Material__26_albedo.mat
  artifactKey: Guid(e398e3f1bd089c74ab317a1bed6076b7) Importer(815301076,1909f56bfc062723c751e8b465ee728b)
Start importing Assets/Models/Materials/Material__26_albedo.mat using Guid(e398e3f1bd089c74ab317a1bed6076b7) Importer(815301076,1909f56bfc062723c751e8b465ee728b)  -> (artifact id: 'c1c9f8a14f2240a2ec96b8ee8fc5676b') in 0.021214 seconds 
  Import took 0.024839 seconds .

========================================================================
Received Import Request.
  Time since last request: 389.646492 seconds.
  path: Assets/Models/DeadGrass.jpg
  artifactKey: Guid(55558600547e0e24bb566911badf0182) Importer(815301076,1909f56bfc062723c751e8b465ee728b)
Start importing Assets/Models/DeadGrass.jpg using Guid(55558600547e0e24bb566911badf0182) Importer(815301076,1909f56bfc062723c751e8b465ee728b)  -> (artifact id: 'b276af2076309bad973244a837717748') in 0.016974 seconds 
  Import took 0.020544 seconds .

========================================================================
Received Import Request.
  Time since last request: 61.283556 seconds.
  path: Assets/Models/Road.jpg
  artifactKey: Guid(db4276131cc57c84795b0e81b3413262) Importer(815301076,1909f56bfc062723c751e8b465ee728b)
Start importing Assets/Models/Road.jpg using Guid(db4276131cc57c84795b0e81b3413262) Importer(815301076,1909f56bfc062723c751e8b465ee728b)  -> (artifact id: '3d754c916f5ed0cfe5ed2e88b7afcefb') in 0.015210 seconds 
  Import took 0.019356 seconds .

========================================================================
Received Import Request.
  Time since last request: 16.959697 seconds.
  path: Assets/Models/untitled.fbx
  artifactKey: Guid(02c3e62106a250c4cb7330ab9b98bce7) Importer(815301076,1909f56bfc062723c751e8b465ee728b)
Start importing Assets/Models/untitled.fbx using Guid(02c3e62106a250c4cb7330ab9b98bce7) Importer(815301076,1909f56bfc062723c751e8b465ee728b)  -> (artifact id: '012acebfdbae1d9f3f37f262c32cf9b4') in 0.038817 seconds 
  Import took 0.042787 seconds .

========================================================================
Received Import Request.
  Time since last request: 185.420608 seconds.
  path: Assets/Models/oldcar.FBX
  artifactKey: Guid(a9420c7d38c7bf24c9cc15203ab0e867) Importer(815301076,1909f56bfc062723c751e8b465ee728b)
Start importing Assets/Models/oldcar.FBX using Guid(a9420c7d38c7bf24c9cc15203ab0e867) Importer(815301076,1909f56bfc062723c751e8b465ee728b)  -> (artifact id: '53d99a639de28b84c7600e218f46b832') in 0.289851 seconds 
  Import took 0.293797 seconds .

========================================================================
Received Prepare
Registering precompiled user dll's ...
Registered in 0.001844 seconds.
Begin MonoManager ReloadAssembly
Native extension for WindowsStandalone target not found
Refreshing native plugins compatible for Editor in 0.39 ms, found 2 plugins.
Preloading 0 native plugins for Editor in 0.00 ms.
Mono: successfully reloaded assembly
- Completed reload, in  1.116 seconds
Domain Reload Profiling:
	ReloadAssembly (1116ms)
		BeginReloadAssembly (122ms)
			ExecutionOrderSort (0ms)
			DisableScriptedObjects (5ms)
			BackupInstance (0ms)
			ReleaseScriptingObjects (0ms)
			CreateAndSetChildDomain (40ms)
		EndReloadAssembly (917ms)
			LoadAssemblies (90ms)
			RebuildTransferFunctionScriptingTraits (0ms)
			SetupTypeCache (316ms)
			ReleaseScriptCaches (1ms)
			RebuildScriptCaches (48ms)
			SetupLoadedEditorAssemblies (340ms)
				LogAssemblyErrors (0ms)
				InitializePlatformSupportModulesInManaged (6ms)
				SetLoadedEditorAssemblies (1ms)
				RefreshPlugins (0ms)
				BeforeProcessingInitializeOnLoad (84ms)
				ProcessInitializeOnLoadAttributes (238ms)
				ProcessInitializeOnLoadMethodAttributes (5ms)
				AfterProcessingInitializeOnLoad (6ms)
				EditorAssembliesLoaded (0ms)
			ExecutionOrderSort2 (0ms)
			AwakeInstancesAfterBackupRestoration (10ms)
Platform modules already initialized, skipping
Refreshing native plugins compatible for Editor in 0.38 ms, found 2 plugins.
Preloading 0 native plugins for Editor in 0.00 ms.
Unloading 1537 Unused Serialized files (Serialized files now loaded: 0)
System memory in use before: 86.8 MB.
System memory in use after: 86.9 MB.

Unloading 12 unused Assets to reduce memory usage. Loaded Objects now: 2028.
Total: 3.629000 ms (FindLiveObjects: 0.194000 ms CreateObjectMapping: 0.049600 ms MarkObjects: 3.360600 ms  DeleteObjects: 0.022900 ms)

AssetImportParameters requested are different than current active one (requested -> active):
  custom:framework-win-MediaFoundation: 216162199b28c13a410421893ffa2e32 -> 
  custom:video-decoder-ogg-theora: a1e56fd34408186e4bbccfd4996cb3dc -> 
  custom:container-muxer-webm: aa71ff27fc2769a1b78a27578f13a17b -> 
  custom:container-demuxer-webm: 4f35f7cbe854078d1ac9338744f61a02 -> 
  custom:container-demuxer-ogg: 62fdf1f143b41e24485cea50d1cbac27 -> 
  custom:video-encoder-webm-vp8: eb34c28f22e8b96e1ab97ce403110664 -> 
  custom:video-codec-MediaFoundation-h265: 746d11721c4dcdbdad8f713fa42b33f4 -> 
  custom:video-decoder-webm-vp8: 9c59270c3fd7afecdb556c50c9e8de78 -> 
  custom:audio-decoder-ogg-vorbis: bf7c407c2cedff20999df2af8eb42d56 -> 
  custom:audio-encoder-webm-vorbis: bf7c407c2cedff20999df2af8eb42d56 -> 
========================================================================
Received Import Request.
  Time since last request: 557.086371 seconds.
  path: Assets/Models/Lamp Post (LPoly).fbx
  artifactKey: Guid(9e4fff065fbb97c4c8f88b1c1cd49568) Importer(815301076,1909f56bfc062723c751e8b465ee728b)
Start importing Assets/Models/Lamp Post (LPoly).fbx using Guid(9e4fff065fbb97c4c8f88b1c1cd49568) Importer(815301076,1909f56bfc062723c751e8b465ee728b)  -> (artifact id: '4c08228fef438662f6d765d3c75740eb') in 0.091044 seconds 
  Import took 0.094681 seconds .

========================================================================
Received Import Request.
  Time since last request: 35.405619 seconds.
  path: Assets/Models/DefaultMaterial_Base_Color.png
  artifactKey: Guid(4605234c7ef281c41b4bfac9de5b3905) Importer(815301076,1909f56bfc062723c751e8b465ee728b)
Start importing Assets/Models/DefaultMaterial_Base_Color.png using Guid(4605234c7ef281c41b4bfac9de5b3905) Importer(815301076,1909f56bfc062723c751e8b465ee728b)  -> (artifact id: 'e22825ceb9b5fe8a4b1161c65e7409ee') in 0.026326 seconds 
  Import took 0.030803 seconds .

========================================================================
Received Import Request.
  Time since last request: 0.000344 seconds.
  path: Assets/Models/DefaultMaterial_Emissive.png
  artifactKey: Guid(3455597de5a8b4745aee810bccdb7ca8) Importer(815301076,1909f56bfc062723c751e8b465ee728b)
Start importing Assets/Models/DefaultMaterial_Emissive.png using Guid(3455597de5a8b4745aee810bccdb7ca8) Importer(815301076,1909f56bfc062723c751e8b465ee728b)  -> (artifact id: '40c82977b883b8449c7fb7e4a6c0e69d') in 0.014770 seconds 
  Import took 0.018281 seconds .

========================================================================
Received Import Request.
  Time since last request: 0.000228 seconds.
  path: Assets/Models/DefaultMaterial_Normal_OpenGL.png
  artifactKey: Guid(0c884738ed6daf447bc9ff83c331b741) Importer(815301076,1909f56bfc062723c751e8b465ee728b)
Start importing Assets/Models/DefaultMaterial_Normal_OpenGL.png using Guid(0c884738ed6daf447bc9ff83c331b741) Importer(815301076,1909f56bfc062723c751e8b465ee728b)  -> (artifact id: '5f4a3445931990c18375dbd4b9dc373d') in 0.018719 seconds 
  Import took 0.021687 seconds .

========================================================================
Received Import Request.
  Time since last request: 0.000238 seconds.
  path: Assets/Models/DefaultMaterial_Mixed_AO.png
  artifactKey: Guid(b40fa54c588abc94aa37960c00517789) Importer(815301076,1909f56bfc062723c751e8b465ee728b)
Start importing Assets/Models/DefaultMaterial_Mixed_AO.png using Guid(b40fa54c588abc94aa37960c00517789) Importer(815301076,1909f56bfc062723c751e8b465ee728b)  -> (artifact id: 'deed2c284645d8336f70be1eeb980d03') in 0.018849 seconds 
  Import took 0.021858 seconds .

========================================================================
Received Import Request.
  Time since last request: 0.000244 seconds.
  path: Assets/Models/DefaultMaterial_Roughness.png
  artifactKey: Guid(818f9c35fc52a344680c1af2df8767f2) Importer(815301076,1909f56bfc062723c751e8b465ee728b)
Start importing Assets/Models/DefaultMaterial_Roughness.png using Guid(818f9c35fc52a344680c1af2df8767f2) Importer(815301076,1909f56bfc062723c751e8b465ee728b)  -> (artifact id: 'c41d0d243625193e00ed582947913e06') in 0.015958 seconds 
  Import took 0.019041 seconds .

========================================================================
Received Import Request.
  Time since last request: 522.520859 seconds.
  path: Assets/Animations/Crawl Backwards.fbx
  artifactKey: Guid(f86dc303418dcae4f82456ed67863d2e) Importer(815301076,1909f56bfc062723c751e8b465ee728b)
Start importing Assets/Animations/Crawl Backwards.fbx using Guid(f86dc303418dcae4f82456ed67863d2e) Importer(815301076,1909f56bfc062723c751e8b465ee728b)  -> (artifact id: '1ac3d661e134d0a9d1cdd736046cfd6f') in 0.170191 seconds 
  Import took 0.173896 seconds .

========================================================================
Received Import Request.
  Time since last request: 56.189810 seconds.
  path: Assets/Animations/Crawl Backwards.fbx
  artifactKey: Guid(f86dc303418dcae4f82456ed67863d2e) Importer(815301076,1909f56bfc062723c751e8b465ee728b)
Start importing Assets/Animations/Crawl Backwards.fbx using Guid(f86dc303418dcae4f82456ed67863d2e) Importer(815301076,1909f56bfc062723c751e8b465ee728b)  -> (artifact id: '8ec40b50965ab2310d73ce4b5c5c71e1') in 0.012270 seconds 
  Import took 0.017063 seconds .

========================================================================
Received Import Request.
  Time since last request: 7.300399 seconds.
  path: Assets/Animations/Action Idle To Standing Idle.fbx
  artifactKey: Guid(724a5c4a8cb7b0f43aec9a4970c4f0df) Importer(815301076,1909f56bfc062723c751e8b465ee728b)
Start importing Assets/Animations/Action Idle To Standing Idle.fbx using Guid(724a5c4a8cb7b0f43aec9a4970c4f0df) Importer(815301076,1909f56bfc062723c751e8b465ee728b)  -> (artifact id: '48ee7c6c987ed3da314c3e1518fe3d60') in 0.015144 seconds 
  Import took 0.018479 seconds .

========================================================================
Received Import Request.
  Time since last request: 13.447282 seconds.
  path: Assets/Models/zombie.fbx
  artifactKey: Guid(81eeb5b138a9fa44c904ffb6e0d762a2) Importer(815301076,1909f56bfc062723c751e8b465ee728b)
Start importing Assets/Models/zombie.fbx using Guid(81eeb5b138a9fa44c904ffb6e0d762a2) Importer(815301076,1909f56bfc062723c751e8b465ee728b)  -> (artifact id: '7a4295708f90d684367ed81b4ba98b94') in 0.061528 seconds 
  Import took 0.065852 seconds .

========================================================================
Received Import Request.
  Time since last request: 6.941367 seconds.
  path: Assets/Models/zombie.fbx
  artifactKey: Guid(81eeb5b138a9fa44c904ffb6e0d762a2) Importer(815301076,1909f56bfc062723c751e8b465ee728b)
Start importing Assets/Models/zombie.fbx using Guid(81eeb5b138a9fa44c904ffb6e0d762a2) Importer(815301076,1909f56bfc062723c751e8b465ee728b)  -> (artifact id: '821e0fcec1704d5549fae6498d66d9e0') in 0.050376 seconds 
  Import took 0.054361 seconds .

========================================================================
Received Import Request.
  Time since last request: 10.029217 seconds.
  path: Assets/Models/zombie.fbx
  artifactKey: Guid(81eeb5b138a9fa44c904ffb6e0d762a2) Importer(815301076,1909f56bfc062723c751e8b465ee728b)
Start importing Assets/Models/zombie.fbx using Guid(81eeb5b138a9fa44c904ffb6e0d762a2) Importer(815301076,1909f56bfc062723c751e8b465ee728b)  -> (artifact id: 'dd2e69ea4941d9306499b21ce60deb63') in 0.069743 seconds 
  Import took 0.074464 seconds .

========================================================================
Received Import Request.
  Time since last request: 0.000316 seconds.
  path: Assets/Models/Zombie_diffuse.png
  artifactKey: Guid(039180c31bed07747848d67577528a35) Importer(815301076,1909f56bfc062723c751e8b465ee728b)
Start importing Assets/Models/Zombie_diffuse.png using Guid(039180c31bed07747848d67577528a35) Importer(815301076,1909f56bfc062723c751e8b465ee728b)  -> (artifact id: '9feb19124f5ada6c7a71d70eb255838a') in 0.023221 seconds 
  Import took 0.026613 seconds .

========================================================================
Received Import Request.
  Time since last request: 0.000313 seconds.
  path: Assets/Models/Zombie_normal.png
  artifactKey: Guid(f43ea906f26823c43852887c2b52b897) Importer(815301076,1909f56bfc062723c751e8b465ee728b)
Start importing Assets/Models/Zombie_normal.png using Guid(f43ea906f26823c43852887c2b52b897) Importer(815301076,1909f56bfc062723c751e8b465ee728b)  -> (artifact id: 'f3b90ac0881c081ca5e97e672e7a86d8') in 0.016717 seconds 
  Import took 0.019849 seconds .

========================================================================
Received Import Request.
  Time since last request: 0.000279 seconds.
  path: Assets/Models/Zombie_specular.png
  artifactKey: Guid(7649fac59ba325d4f998471df24d522b) Importer(815301076,1909f56bfc062723c751e8b465ee728b)
Start importing Assets/Models/Zombie_specular.png using Guid(7649fac59ba325d4f998471df24d522b) Importer(815301076,1909f56bfc062723c751e8b465ee728b)  -> (artifact id: '626a933172f60940339e4e9308e4166e') in 0.018013 seconds 
  Import took 0.021081 seconds .

========================================================================
Received Import Request.
  Time since last request: 7.019007 seconds.
  path: Assets/Models/zombie.fbx
  artifactKey: Guid(81eeb5b138a9fa44c904ffb6e0d762a2) Importer(815301076,1909f56bfc062723c751e8b465ee728b)
Start importing Assets/Models/zombie.fbx using Guid(81eeb5b138a9fa44c904ffb6e0d762a2) Importer(815301076,1909f56bfc062723c751e8b465ee728b)  -> (artifact id: '1e4b2e62ca81af2c742486877350345b') in 0.044839 seconds 
  Import took 0.048443 seconds .

========================================================================
Received Import Request.
  Time since last request: 0.000268 seconds.
  path: Assets/Models/Zombie_COL.mat
  artifactKey: Guid(a18739b59c809374d8a075ba87bd1ee1) Importer(815301076,1909f56bfc062723c751e8b465ee728b)
Start importing Assets/Models/Zombie_COL.mat using Guid(a18739b59c809374d8a075ba87bd1ee1) Importer(815301076,1909f56bfc062723c751e8b465ee728b)  -> (artifact id: 'bcca013c0e4ba069eb455649ceb2b206') in 0.032265 seconds 
  Import took 0.035895 seconds .

========================================================================
Received Import Request.
  Time since last request: 302.581896 seconds.
  path: Assets/Animations/running crawl.fbx
  artifactKey: Guid(051f5768b8052234e85f2f91e62c1388) Importer(815301076,1909f56bfc062723c751e8b465ee728b)
Start importing Assets/Animations/running crawl.fbx using Guid(051f5768b8052234e85f2f91e62c1388) Importer(815301076,1909f56bfc062723c751e8b465ee728b)  -> (artifact id: 'f2cf09b7fde9e0d7e4837a49c576a567') in 0.016083 seconds 
  Import took 0.020611 seconds .

========================================================================
Received Import Request.
  Time since last request: 0.000378 seconds.
  path: Assets/Animations/zombie scream.fbx
  artifactKey: Guid(cd08959765e20b64c8d257bc7db2e144) Importer(815301076,1909f56bfc062723c751e8b465ee728b)
Start importing Assets/Animations/zombie scream.fbx using Guid(cd08959765e20b64c8d257bc7db2e144) Importer(815301076,1909f56bfc062723c751e8b465ee728b)  -> (artifact id: 'ba889c3204ac8b7dd4d9568167f279fc') in 0.017341 seconds 
  Import took 0.020810 seconds .

========================================================================
Received Import Request.
  Time since last request: 0.000327 seconds.
  path: Assets/Animations/zombie biting.fbx
  artifactKey: Guid(83ce60263e6c6d34185991e52a8e941b) Importer(815301076,1909f56bfc062723c751e8b465ee728b)
Start importing Assets/Animations/zombie biting.fbx using Guid(83ce60263e6c6d34185991e52a8e941b) Importer(815301076,1909f56bfc062723c751e8b465ee728b)  -> (artifact id: 'aa0282bdddeacde9014ee420f3f2864a') in 0.017377 seconds 
  Import took 0.021759 seconds .

========================================================================
Received Import Request.
  Time since last request: 0.000311 seconds.
  path: Assets/Animations/zombie run.fbx
  artifactKey: Guid(a1bd2a2bf526b244fbd3c08e6ddfe9f4) Importer(815301076,1909f56bfc062723c751e8b465ee728b)
Start importing Assets/Animations/zombie run.fbx using Guid(a1bd2a2bf526b244fbd3c08e6ddfe9f4) Importer(815301076,1909f56bfc062723c751e8b465ee728b)  -> (artifact id: '1a15ec5e9184417995e14a00776c1b4d') in 0.014422 seconds 
  Import took 0.018076 seconds .

========================================================================
Received Import Request.
  Time since last request: 0.000339 seconds.
  path: Assets/Animations/zombie death.fbx
  artifactKey: Guid(cb83d8151655de24e893620670037e65) Importer(815301076,1909f56bfc062723c751e8b465ee728b)
Start importing Assets/Animations/zombie death.fbx using Guid(cb83d8151655de24e893620670037e65) Importer(815301076,1909f56bfc062723c751e8b465ee728b)  -> (artifact id: '443f3d6c84bab993615c9b39d2c0e626') in 0.015857 seconds 
  Import took 0.019524 seconds .

========================================================================
Received Import Request.
  Time since last request: 0.000276 seconds.
  path: Assets/Animations/zombie crawl.fbx
  artifactKey: Guid(4f0b46df07486d945a9d207664e04a2d) Importer(815301076,1909f56bfc062723c751e8b465ee728b)
Start importing Assets/Animations/zombie crawl.fbx using Guid(4f0b46df07486d945a9d207664e04a2d) Importer(815301076,1909f56bfc062723c751e8b465ee728b)  -> (artifact id: '8917619e0b39397dd6358f63db275fd9') in 0.017286 seconds 
  Import took 0.021001 seconds .

========================================================================
Received Import Request.
  Time since last request: 0.000273 seconds.
  path: Assets/Animations/zombie walk.fbx
  artifactKey: Guid(0629422f4fa8dd54a87b6b0f4aa3397a) Importer(815301076,1909f56bfc062723c751e8b465ee728b)
Start importing Assets/Animations/zombie walk.fbx using Guid(0629422f4fa8dd54a87b6b0f4aa3397a) Importer(815301076,1909f56bfc062723c751e8b465ee728b)  -> (artifact id: '751c5a834bf6207dda78b91dc8b4698e') in 0.015369 seconds 
  Import took 0.019097 seconds .

========================================================================
Received Import Request.
  Time since last request: 0.000425 seconds.
  path: Assets/Animations/zombie biting (2).fbx
  artifactKey: Guid(98e236386c8a9b54eb3c1f13c505c079) Importer(815301076,1909f56bfc062723c751e8b465ee728b)
Start importing Assets/Animations/zombie biting (2).fbx using Guid(98e236386c8a9b54eb3c1f13c505c079) Importer(815301076,1909f56bfc062723c751e8b465ee728b)  -> (artifact id: '3f3990e38b3a8038e2a5582b5232977a') in 0.016514 seconds 
  Import took 0.020779 seconds .

========================================================================
Received Import Request.
  Time since last request: 0.000269 seconds.
  path: Assets/Animations/zombie dying.fbx
  artifactKey: Guid(a06e27af818b09e48bba0df41742b087) Importer(815301076,1909f56bfc062723c751e8b465ee728b)
Start importing Assets/Animations/zombie dying.fbx using Guid(a06e27af818b09e48bba0df41742b087) Importer(815301076,1909f56bfc062723c751e8b465ee728b)  -> (artifact id: 'd6eeba92a8ce61d8d6baf3ee9089ad9e') in 0.016105 seconds 
  Import took 0.020241 seconds .

========================================================================
Received Import Request.
  Time since last request: 0.000340 seconds.
  path: Assets/Animations/zombie attack.fbx
  artifactKey: Guid(438fd4ffa30837e419387e51466b3984) Importer(815301076,1909f56bfc062723c751e8b465ee728b)
Start importing Assets/Animations/zombie attack.fbx using Guid(438fd4ffa30837e419387e51466b3984) Importer(815301076,1909f56bfc062723c751e8b465ee728b)  -> (artifact id: 'd452e24636828256d139b6da1b51a20b') in 0.015502 seconds 
  Import took 0.018691 seconds .

========================================================================
Received Import Request.
  Time since last request: 0.000290 seconds.
  path: Assets/Animations/zombie idle.fbx
  artifactKey: Guid(4582e4c7e494fb24aa39d6a824c999d0) Importer(815301076,1909f56bfc062723c751e8b465ee728b)
Start importing Assets/Animations/zombie idle.fbx using Guid(4582e4c7e494fb24aa39d6a824c999d0) Importer(815301076,1909f56bfc062723c751e8b465ee728b)  -> (artifact id: 'c678fb7a06174f63bc735a9253c0e841') in 0.015800 seconds 
  Import took 0.019441 seconds .

========================================================================
Received Import Request.
  Time since last request: 0.000457 seconds.
  path: Assets/Animations/zombie neck bite.fbx
  artifactKey: Guid(9593246781effeb4990e01376e057f5d) Importer(815301076,1909f56bfc062723c751e8b465ee728b)
Start importing Assets/Animations/zombie neck bite.fbx using Guid(9593246781effeb4990e01376e057f5d) Importer(815301076,1909f56bfc062723c751e8b465ee728b)  -> (artifact id: '7ba0e17c457209653138e9eaa9f441ce') in 0.016389 seconds 
  Import took 0.020409 seconds .

========================================================================
Received Import Request.
  Time since last request: 123.166676 seconds.
  path: Assets/Animations/Timeline.playable
  artifactKey: Guid(b2977b94082ca8d4daf922654e899320) Importer(815301076,1909f56bfc062723c751e8b465ee728b)
Start importing Assets/Animations/Timeline.playable using Guid(b2977b94082ca8d4daf922654e899320) Importer(815301076,1909f56bfc062723c751e8b465ee728b)  -> (artifact id: 'f8f1f03f8fef6183846ff7e11fd5883e') in 0.016394 seconds 
  Import took 0.019939 seconds .

AssetImportWorkerClient::OnTransportError - code=2 error=End of file
