Using pre-set license
Built from '2020.3/staging' branch; Version is '2020.3.19f1 (68f137dc9bbe) revision 6877495'; Using compiler version '192528614'; Build Type 'Release'
OS: 'Windows 10 Home Single Language; OS build 22000.348; Version 2009; 64bit' Language: 'en' Physical Memory: 15789 MB
BatchMode: 1, IsHumanControllingUs: 0, StartBugReporterOnCrash: 0, Is64bit: 1, IsPro: 0

COMMAND LINE ARGUMENTS:
C:\Program Files\Unity\Hub\Editor\2020.3.19f1\Editor\Unity.exe
-adb2
-batchMode
-noUpm
-name
AssetImportWorker0
-projectPath
D:/Unity Projects/Movie/Game2
-logFile
Logs/AssetImportWorker0.log
-srvPort
52567
Successfully changed project path to: D:/Unity Projects/Movie/Game2
D:/Unity Projects/Movie/Game2
Using Asset Import Pipeline V2.
Refreshing native plugins compatible for Editor in 37.56 ms, found 2 plugins.
Preloading 0 native plugins for Editor in 0.00 ms.
Initialize engine version: 2020.3.19f1 (68f137dc9bbe)
[Subsystems] Discovering subsystems at path C:/Program Files/Unity/Hub/Editor/2020.3.19f1/Editor/Data/Resources/UnitySubsystems
[Subsystems] Discovering subsystems at path D:/Unity Projects/Movie/Game2/Assets
GfxDevice: creating device client; threaded=0
Direct3D:
    Version:  Direct3D 11.0 [level 11.1]
    Renderer: NVIDIA GeForce RTX 2060 (ID=0x1f15)
    Vendor:   
    VRAM:     5980 MB
    Driver:   30.0.14.9709
Initialize mono
Mono path[0] = 'C:/Program Files/Unity/Hub/Editor/2020.3.19f1/Editor/Data/Managed'
Mono path[1] = 'C:/Program Files/Unity/Hub/Editor/2020.3.19f1/Editor/Data/MonoBleedingEdge/lib/mono/unityjit'
Mono config path = 'C:/Program Files/Unity/Hub/Editor/2020.3.19f1/Editor/Data/MonoBleedingEdge/etc'
Using monoOptions --debugger-agent=transport=dt_socket,embedding=1,server=y,suspend=n,address=127.0.0.1:56268
Begin MonoManager ReloadAssembly
Registering precompiled unity dll's ...
Register platform support module: C:/Program Files/Unity/Hub/Editor/2020.3.19f1/Editor/Data/PlaybackEngines/WindowsStandaloneSupport/UnityEditor.WindowsStandalone.Extensions.dll
Registered in 0.001659 seconds.
Native extension for WindowsStandalone target not found
Refreshing native plugins compatible for Editor in 37.81 ms, found 2 plugins.
Preloading 0 native plugins for Editor in 0.00 ms.
Mono: successfully reloaded assembly
- Completed reload, in  2.663 seconds
Domain Reload Profiling:
	ReloadAssembly (2663ms)
		BeginReloadAssembly (58ms)
			ExecutionOrderSort (0ms)
			DisableScriptedObjects (0ms)
			BackupInstance (0ms)
			ReleaseScriptingObjects (0ms)
			CreateAndSetChildDomain (1ms)
		EndReloadAssembly (487ms)
			LoadAssemblies (56ms)
			RebuildTransferFunctionScriptingTraits (0ms)
			SetupTypeCache (179ms)
			ReleaseScriptCaches (0ms)
			RebuildScriptCaches (36ms)
			SetupLoadedEditorAssemblies (190ms)
				LogAssemblyErrors (0ms)
				InitializePlatformSupportModulesInManaged (4ms)
				SetLoadedEditorAssemblies (0ms)
				RefreshPlugins (38ms)
				BeforeProcessingInitializeOnLoad (21ms)
				ProcessInitializeOnLoadAttributes (93ms)
				ProcessInitializeOnLoadMethodAttributes (34ms)
				AfterProcessingInitializeOnLoad (0ms)
				EditorAssembliesLoaded (0ms)
			ExecutionOrderSort2 (0ms)
			AwakeInstancesAfterBackupRestoration (0ms)
Platform modules already initialized, skipping
Registering precompiled user dll's ...
Registered in 0.001866 seconds.
Begin MonoManager ReloadAssembly
Native extension for WindowsStandalone target not found
Refreshing native plugins compatible for Editor in 0.63 ms, found 2 plugins.
Preloading 0 native plugins for Editor in 0.00 ms.
Mono: successfully reloaded assembly
- Completed reload, in  1.196 seconds
Domain Reload Profiling:
	ReloadAssembly (1197ms)
		BeginReloadAssembly (165ms)
			ExecutionOrderSort (0ms)
			DisableScriptedObjects (5ms)
			BackupInstance (0ms)
			ReleaseScriptingObjects (0ms)
			CreateAndSetChildDomain (22ms)
		EndReloadAssembly (959ms)
			LoadAssemblies (89ms)
			RebuildTransferFunctionScriptingTraits (0ms)
			SetupTypeCache (331ms)
			ReleaseScriptCaches (0ms)
			RebuildScriptCaches (56ms)
			SetupLoadedEditorAssemblies (362ms)
				LogAssemblyErrors (0ms)
				InitializePlatformSupportModulesInManaged (6ms)
				SetLoadedEditorAssemblies (1ms)
				RefreshPlugins (1ms)
				BeforeProcessingInitializeOnLoad (89ms)
				ProcessInitializeOnLoadAttributes (255ms)
				ProcessInitializeOnLoadMethodAttributes (5ms)
				AfterProcessingInitializeOnLoad (6ms)
				EditorAssembliesLoaded (0ms)
			ExecutionOrderSort2 (0ms)
			AwakeInstancesAfterBackupRestoration (8ms)
Platform modules already initialized, skipping
========================================================================
Worker process is ready to serve import requests
Launched and connected shader compiler UnityShaderCompiler.exe after 0.07 seconds
Refreshing native plugins compatible for Editor in 0.38 ms, found 2 plugins.
Preloading 0 native plugins for Editor in 0.00 ms.
Unloading 1545 Unused Serialized files (Serialized files now loaded: 0)
System memory in use before: 69.9 MB.
System memory in use after: 69.9 MB.

Unloading 17 unused Assets to reduce memory usage. Loaded Objects now: 1980.
Total: 4.460000 ms (FindLiveObjects: 0.262800 ms CreateObjectMapping: 0.091100 ms MarkObjects: 4.018300 ms  DeleteObjects: 0.086300 ms)

AssetImportParameters requested are different than current active one (requested -> active):
  custom:framework-win-MediaFoundation: 216162199b28c13a410421893ffa2e32 -> 
  custom:video-decoder-ogg-theora: a1e56fd34408186e4bbccfd4996cb3dc -> 
  custom:container-muxer-webm: aa71ff27fc2769a1b78a27578f13a17b -> 
  custom:container-demuxer-webm: 4f35f7cbe854078d1ac9338744f61a02 -> 
  custom:container-demuxer-ogg: 62fdf1f143b41e24485cea50d1cbac27 -> 
  custom:video-encoder-webm-vp8: eb34c28f22e8b96e1ab97ce403110664 -> 
  custom:video-codec-MediaFoundation-h265: 746d11721c4dcdbdad8f713fa42b33f4 -> 
  custom:video-decoder-webm-vp8: 9c59270c3fd7afecdb556c50c9e8de78 -> 
  custom:audio-decoder-ogg-vorbis: bf7c407c2cedff20999df2af8eb42d56 -> 
  custom:audio-encoder-webm-vorbis: bf7c407c2cedff20999df2af8eb42d56 -> 
========================================================================
Received Import Request.
  path: Assets/Models/HIpistol.fbx
  artifactKey: Guid(92b0fcd97d0131c45827d6679e7209e8) Importer(815301076,1909f56bfc062723c751e8b465ee728b)
Start importing Assets/Models/HIpistol.fbx using Guid(92b0fcd97d0131c45827d6679e7209e8) Importer(815301076,1909f56bfc062723c751e8b465ee728b)  -> (artifact id: 'b494ee5d18ae4fcc0fbd51ce5e3c69b7') in 0.290741 seconds 
  Import took 0.294258 seconds .

========================================================================
Received Import Request.
  Time since last request: 32.525393 seconds.
  path: Assets/Models/HIpistol.fbx
  artifactKey: Guid(92b0fcd97d0131c45827d6679e7209e8) Importer(815301076,1909f56bfc062723c751e8b465ee728b)
Start importing Assets/Models/HIpistol.fbx using Guid(92b0fcd97d0131c45827d6679e7209e8) Importer(815301076,1909f56bfc062723c751e8b465ee728b)  -> (artifact id: '6ee645e048acff1fca0b1d81977bc9e3') in 0.127494 seconds 
  Import took 0.131477 seconds .

========================================================================
Received Import Request.
  Time since last request: 0.000414 seconds.
  path: Assets/Models/HIpistolRoughness.png
  artifactKey: Guid(ba586172a4475c14c91a6e3556cd7267) Importer(815301076,1909f56bfc062723c751e8b465ee728b)
Start importing Assets/Models/HIpistolRoughness.png using Guid(ba586172a4475c14c91a6e3556cd7267) Importer(815301076,1909f56bfc062723c751e8b465ee728b)  -> (artifact id: 'e3de00407e5d2313052c9961433e7282') in 0.028827 seconds 
  Import took 0.032527 seconds .

========================================================================
Received Import Request.
  Time since last request: 0.000371 seconds.
  path: Assets/Models/HIpistolMetallic.png
  artifactKey: Guid(d4f65afff05a30e4688156b4baff0f98) Importer(815301076,1909f56bfc062723c751e8b465ee728b)
Start importing Assets/Models/HIpistolMetallic.png using Guid(d4f65afff05a30e4688156b4baff0f98) Importer(815301076,1909f56bfc062723c751e8b465ee728b)  -> (artifact id: 'b202bd1f115e8c81994e4b4814150a1f') in 0.017796 seconds 
  Import took 0.020559 seconds .

========================================================================
Received Import Request.
  Time since last request: 0.000246 seconds.
  path: Assets/Models/HIpistolNormal.png
  artifactKey: Guid(d570a2cdeb24bcc4a8c1760959bb5f93) Importer(815301076,1909f56bfc062723c751e8b465ee728b)
Start importing Assets/Models/HIpistolNormal.png using Guid(d570a2cdeb24bcc4a8c1760959bb5f93) Importer(815301076,1909f56bfc062723c751e8b465ee728b)  -> (artifact id: 'ae73d1197e0d43410d6effb78f165d38') in 0.020403 seconds 
  Import took 0.023376 seconds .

========================================================================
Received Import Request.
  Time since last request: 0.000262 seconds.
  path: Assets/Models/HIpistolAO.png
  artifactKey: Guid(2173fed215585284eb182e405caec5dd) Importer(815301076,1909f56bfc062723c751e8b465ee728b)
Start importing Assets/Models/HIpistolAO.png using Guid(2173fed215585284eb182e405caec5dd) Importer(815301076,1909f56bfc062723c751e8b465ee728b)  -> (artifact id: 'fd0dafdb77b048d1234df91d6c036423') in 0.018942 seconds 
  Import took 0.022136 seconds .

========================================================================
Received Import Request.
  Time since last request: 0.000276 seconds.
  path: Assets/Models/HIpistolColor.png
  artifactKey: Guid(ed4dca7585524854cb806ea6c932e25a) Importer(815301076,1909f56bfc062723c751e8b465ee728b)
Start importing Assets/Models/HIpistolColor.png using Guid(ed4dca7585524854cb806ea6c932e25a) Importer(815301076,1909f56bfc062723c751e8b465ee728b)  -> (artifact id: '436ac3ff34b43218d622aa7fbe5a64e0') in 0.017259 seconds 
  Import took 0.020687 seconds .

========================================================================
Received Import Request.
  Time since last request: 1.820899 seconds.
  path: Assets/Models/HIpistolSpecular.png
  artifactKey: Guid(4636758f44184b94c9140bf33fed855d) Importer(815301076,1909f56bfc062723c751e8b465ee728b)
Start importing Assets/Models/HIpistolSpecular.png using Guid(4636758f44184b94c9140bf33fed855d) Importer(815301076,1909f56bfc062723c751e8b465ee728b)  -> (artifact id: 'eb0c4b05e3206fbd094164e15161fa1f') in 0.019584 seconds 
  Import took 0.023407 seconds .

========================================================================
Received Import Request.
  Time since last request: 5314.470256 seconds.
  path: Assets/Models/Ch26_nonPBR.fbx
  artifactKey: Guid(91f5b7f8a1143ee49a816486cc84ed34) Importer(815301076,1909f56bfc062723c751e8b465ee728b)
Start importing Assets/Models/Ch26_nonPBR.fbx using Guid(91f5b7f8a1143ee49a816486cc84ed34) Importer(815301076,1909f56bfc062723c751e8b465ee728b)  -> (artifact id: '4222e759566c5fd96581df7cf53516b9') in 0.157709 seconds 
  Import took 0.162446 seconds .

========================================================================
Received Import Request.
  Time since last request: 10.873812 seconds.
  path: Assets/Models/Ch26_1001_Diffuse.png
  artifactKey: Guid(5402f60d42f0d7b46b71a7a1d997809f) Importer(815301076,1909f56bfc062723c751e8b465ee728b)
Start importing Assets/Models/Ch26_1001_Diffuse.png using Guid(5402f60d42f0d7b46b71a7a1d997809f) Importer(815301076,1909f56bfc062723c751e8b465ee728b)  -> (artifact id: '1abc39e08f90e43399659fe6edb066c4') in 0.018825 seconds 
  Import took 0.023592 seconds .

========================================================================
Received Import Request.
  Time since last request: 0.000231 seconds.
  path: Assets/Models/Ch26_1002_Diffuse.png
  artifactKey: Guid(938bcccad4f66014f8e16a030ff1e555) Importer(815301076,1909f56bfc062723c751e8b465ee728b)
Start importing Assets/Models/Ch26_1002_Diffuse.png using Guid(938bcccad4f66014f8e16a030ff1e555) Importer(815301076,1909f56bfc062723c751e8b465ee728b)  -> (artifact id: 'aa016f2c2cc59639d08e6c17378bd22d') in 0.023152 seconds 
  Import took 0.026926 seconds .

========================================================================
Received Import Request.
  Time since last request: 0.000234 seconds.
  path: Assets/Models/Ch26_1001_Normal.png
  artifactKey: Guid(9deed4d0589407b40a0a01c8303db28c) Importer(815301076,1909f56bfc062723c751e8b465ee728b)
Start importing Assets/Models/Ch26_1001_Normal.png using Guid(9deed4d0589407b40a0a01c8303db28c) Importer(815301076,1909f56bfc062723c751e8b465ee728b)  -> (artifact id: '1fd04f0960f5a300e8a4d7a9d92176ef') in 0.020183 seconds 
  Import took 0.023192 seconds .

========================================================================
Received Import Request.
  Time since last request: 0.000258 seconds.
  path: Assets/Models/Ch26_1002_Normal.png
  artifactKey: Guid(7537082d0b6da0a40bbe1504903b4845) Importer(815301076,1909f56bfc062723c751e8b465ee728b)
Start importing Assets/Models/Ch26_1002_Normal.png using Guid(7537082d0b6da0a40bbe1504903b4845) Importer(815301076,1909f56bfc062723c751e8b465ee728b)  -> (artifact id: 'b1675f41945efb8bdfa9ec7aeaecdfbb') in 0.022508 seconds 
  Import took 0.025610 seconds .

========================================================================
Received Import Request.
  Time since last request: 0.000255 seconds.
  path: Assets/Models/Ch26_1001_Specular.png
  artifactKey: Guid(12b26bd7fdf7a27459014fc945ff0b82) Importer(815301076,1909f56bfc062723c751e8b465ee728b)
Start importing Assets/Models/Ch26_1001_Specular.png using Guid(12b26bd7fdf7a27459014fc945ff0b82) Importer(815301076,1909f56bfc062723c751e8b465ee728b)  -> (artifact id: '4b68ea112a48eb07b1b06f94ca06ee07') in 0.022464 seconds 
  Import took 0.025866 seconds .

========================================================================
Received Import Request.
  Time since last request: 0.000246 seconds.
  path: Assets/Models/Ch26_1001_Glossiness.png
  artifactKey: Guid(6a569335b4c7f574fb573f7d08c6b375) Importer(815301076,1909f56bfc062723c751e8b465ee728b)
Start importing Assets/Models/Ch26_1001_Glossiness.png using Guid(6a569335b4c7f574fb573f7d08c6b375) Importer(815301076,1909f56bfc062723c751e8b465ee728b)  -> (artifact id: '79b4bd9493f0880b6461e0567bcdc7b9') in 0.016435 seconds 
  Import took 0.020013 seconds .

========================================================================
Received Import Request.
  Time since last request: 0.000272 seconds.
  path: Assets/Models/Ch26_nonPBR.fbx
  artifactKey: Guid(91f5b7f8a1143ee49a816486cc84ed34) Importer(815301076,1909f56bfc062723c751e8b465ee728b)
Start importing Assets/Models/Ch26_nonPBR.fbx using Guid(91f5b7f8a1143ee49a816486cc84ed34) Importer(815301076,1909f56bfc062723c751e8b465ee728b)  -> (artifact id: '13ce9b232ba539a7e2a79110044aac27') in 0.109583 seconds 
  Import took 0.114007 seconds .

========================================================================
Received Import Request.
  Time since last request: 4.240788 seconds.
  path: Assets/Models/Ch26_body.mat
  artifactKey: Guid(c2c90781fa16fe64289ffc6bcd601cb3) Importer(815301076,1909f56bfc062723c751e8b465ee728b)
Start importing Assets/Models/Ch26_body.mat using Guid(c2c90781fa16fe64289ffc6bcd601cb3) Importer(815301076,1909f56bfc062723c751e8b465ee728b)  -> (artifact id: 'dce6b65455a4a4b465273a20c2da3bfb') in 0.034080 seconds 
  Import took 0.039033 seconds .

========================================================================
Received Import Request.
  Time since last request: 0.000341 seconds.
  path: Assets/Models/Ch26_hair.mat
  artifactKey: Guid(db7f6cd81ce6266489651dc7a410fe9c) Importer(815301076,1909f56bfc062723c751e8b465ee728b)
Start importing Assets/Models/Ch26_hair.mat using Guid(db7f6cd81ce6266489651dc7a410fe9c) Importer(815301076,1909f56bfc062723c751e8b465ee728b)  -> (artifact id: 'cfd08265ba14877b302e0eeca690c8ed') in 0.028253 seconds 
  Import took 0.031691 seconds .

========================================================================
Received Import Request.
  Time since last request: 0.000287 seconds.
  path: Assets/Models/Ch26_nonPBR.fbx
  artifactKey: Guid(91f5b7f8a1143ee49a816486cc84ed34) Importer(815301076,1909f56bfc062723c751e8b465ee728b)
Start importing Assets/Models/Ch26_nonPBR.fbx using Guid(91f5b7f8a1143ee49a816486cc84ed34) Importer(815301076,1909f56bfc062723c751e8b465ee728b)  -> (artifact id: 'c0b78a45355cd4a02835cd74df7c0a49') in 0.114092 seconds 
  Import took 0.118422 seconds .

========================================================================
Received Prepare
Registering precompiled user dll's ...
Registered in 0.001890 seconds.
Begin MonoManager ReloadAssembly
Native extension for WindowsStandalone target not found
Refreshing native plugins compatible for Editor in 0.41 ms, found 2 plugins.
Preloading 0 native plugins for Editor in 0.00 ms.
Mono: successfully reloaded assembly
- Completed reload, in  1.114 seconds
Domain Reload Profiling:
	ReloadAssembly (1114ms)
		BeginReloadAssembly (126ms)
			ExecutionOrderSort (0ms)
			DisableScriptedObjects (4ms)
			BackupInstance (0ms)
			ReleaseScriptingObjects (0ms)
			CreateAndSetChildDomain (39ms)
		EndReloadAssembly (911ms)
			LoadAssemblies (92ms)
			RebuildTransferFunctionScriptingTraits (0ms)
			SetupTypeCache (314ms)
			ReleaseScriptCaches (1ms)
			RebuildScriptCaches (48ms)
			SetupLoadedEditorAssemblies (338ms)
				LogAssemblyErrors (0ms)
				InitializePlatformSupportModulesInManaged (6ms)
				SetLoadedEditorAssemblies (1ms)
				RefreshPlugins (0ms)
				BeforeProcessingInitializeOnLoad (82ms)
				ProcessInitializeOnLoadAttributes (238ms)
				ProcessInitializeOnLoadMethodAttributes (5ms)
				AfterProcessingInitializeOnLoad (6ms)
				EditorAssembliesLoaded (0ms)
			ExecutionOrderSort2 (0ms)
			AwakeInstancesAfterBackupRestoration (7ms)
Platform modules already initialized, skipping
Refreshing native plugins compatible for Editor in 0.38 ms, found 2 plugins.
Preloading 0 native plugins for Editor in 0.00 ms.
Unloading 1537 Unused Serialized files (Serialized files now loaded: 0)
System memory in use before: 86.7 MB.
System memory in use after: 86.8 MB.

Unloading 12 unused Assets to reduce memory usage. Loaded Objects now: 2027.
Total: 3.870300 ms (FindLiveObjects: 0.278100 ms CreateObjectMapping: 0.094600 ms MarkObjects: 3.474600 ms  DeleteObjects: 0.021100 ms)

AssetImportParameters requested are different than current active one (requested -> active):
  custom:framework-win-MediaFoundation: 216162199b28c13a410421893ffa2e32 -> 
  custom:video-decoder-ogg-theora: a1e56fd34408186e4bbccfd4996cb3dc -> 
  custom:container-muxer-webm: aa71ff27fc2769a1b78a27578f13a17b -> 
  custom:container-demuxer-webm: 4f35f7cbe854078d1ac9338744f61a02 -> 
  custom:container-demuxer-ogg: 62fdf1f143b41e24485cea50d1cbac27 -> 
  custom:video-encoder-webm-vp8: eb34c28f22e8b96e1ab97ce403110664 -> 
  custom:video-codec-MediaFoundation-h265: 746d11721c4dcdbdad8f713fa42b33f4 -> 
  custom:video-decoder-webm-vp8: 9c59270c3fd7afecdb556c50c9e8de78 -> 
  custom:audio-decoder-ogg-vorbis: bf7c407c2cedff20999df2af8eb42d56 -> 
  custom:audio-encoder-webm-vorbis: bf7c407c2cedff20999df2af8eb42d56 -> 
========================================================================
Received Import Request.
  Time since last request: 234.258510 seconds.
  path: Assets/Models/Ch26_nonPBR.fbx
  artifactKey: Guid(91f5b7f8a1143ee49a816486cc84ed34) Importer(815301076,1909f56bfc062723c751e8b465ee728b)
Start importing Assets/Models/Ch26_nonPBR.fbx using Guid(91f5b7f8a1143ee49a816486cc84ed34) Importer(815301076,1909f56bfc062723c751e8b465ee728b)  -> (artifact id: '3e6fe3c551bea99aa2a250411bd33b4a') in 0.176098 seconds 
  Import took 0.180532 seconds .

========================================================================
Received Import Request.
  Time since last request: 8.717685 seconds.
  path: Assets/Animations/Crawl Backwards.fbx
  artifactKey: Guid(f86dc303418dcae4f82456ed67863d2e) Importer(815301076,1909f56bfc062723c751e8b465ee728b)
Start importing Assets/Animations/Crawl Backwards.fbx using Guid(f86dc303418dcae4f82456ed67863d2e) Importer(815301076,1909f56bfc062723c751e8b465ee728b)  -> (artifact id: 'f9227803ab95cad385cde93fc8797991') in 0.015078 seconds 
  Import took 0.019744 seconds .

========================================================================
Received Import Request.
  Time since last request: 90.682908 seconds.
  path: Assets/Models/Ch26_nonPBR.fbx
  artifactKey: Guid(91f5b7f8a1143ee49a816486cc84ed34) Importer(815301076,1909f56bfc062723c751e8b465ee728b)
Start importing Assets/Models/Ch26_nonPBR.fbx using Guid(91f5b7f8a1143ee49a816486cc84ed34) Importer(815301076,1909f56bfc062723c751e8b465ee728b)  -> (artifact id: 'a56762342fbd02887c88357e0cc8b5a5') in 0.121095 seconds 
  Import took 0.126352 seconds .

========================================================================
Received Import Request.
  Time since last request: 35.846694 seconds.
  path: Assets/Animations/Action Idle To Standing Idle.fbx
  artifactKey: Guid(724a5c4a8cb7b0f43aec9a4970c4f0df) Importer(815301076,1909f56bfc062723c751e8b465ee728b)
Start importing Assets/Animations/Action Idle To Standing Idle.fbx using Guid(724a5c4a8cb7b0f43aec9a4970c4f0df) Importer(815301076,1909f56bfc062723c751e8b465ee728b)  -> (artifact id: '40798ef2f51acaf8e1834671420c9235') in 0.015068 seconds 
  Import took 0.019325 seconds .

========================================================================
Received Import Request.
  Time since last request: 50.191523 seconds.
  path: Assets/Animations/zombie crawl.fbx
  artifactKey: Guid(4f0b46df07486d945a9d207664e04a2d) Importer(815301076,1909f56bfc062723c751e8b465ee728b)
Start importing Assets/Animations/zombie crawl.fbx using Guid(4f0b46df07486d945a9d207664e04a2d) Importer(815301076,1909f56bfc062723c751e8b465ee728b)  -> (artifact id: '2814df8087948f61b0f29782c4697384') in 0.016748 seconds 
  Import took 0.020955 seconds .

========================================================================
Received Import Request.
  Time since last request: 91.350783 seconds.
  path: Assets/Animations/zombie walk.fbx
  artifactKey: Guid(0629422f4fa8dd54a87b6b0f4aa3397a) Importer(815301076,1909f56bfc062723c751e8b465ee728b)
Start importing Assets/Animations/zombie walk.fbx using Guid(0629422f4fa8dd54a87b6b0f4aa3397a) Importer(815301076,1909f56bfc062723c751e8b465ee728b)  -> (artifact id: '4a9a52faba7cd4cd155d58561a9b338d') in 0.014995 seconds 
  Import took 0.019012 seconds .

========================================================================
Received Import Request.
  Time since last request: 85.971867 seconds.
  path: Assets/Animations/Timeline.playable
  artifactKey: Guid(b2977b94082ca8d4daf922654e899320) Importer(815301076,1909f56bfc062723c751e8b465ee728b)
Start importing Assets/Animations/Timeline.playable using Guid(b2977b94082ca8d4daf922654e899320) Importer(815301076,1909f56bfc062723c751e8b465ee728b)  -> (artifact id: 'a47b37304fbc2d89ca7a80c7622f5112') in 0.024679 seconds 
  Import took 0.028939 seconds .

========================================================================
Received Import Request.
  Time since last request: 212.948604 seconds.
  path: Assets/Models/Ch02_nonPBR.fbx
  artifactKey: Guid(190761444d0588c499bcbf4d134ad6ad) Importer(815301076,1909f56bfc062723c751e8b465ee728b)
Start importing Assets/Models/Ch02_nonPBR.fbx using Guid(190761444d0588c499bcbf4d134ad6ad) Importer(815301076,1909f56bfc062723c751e8b465ee728b)  -> (artifact id: '4ecba7e3614e0a66d8e6a7c0cd88da1f') in 0.148282 seconds 
  Import took 0.152917 seconds .

========================================================================
Received Import Request.
  Time since last request: 14.033188 seconds.
  path: Assets/Models/Ch02_nonPBR.fbx
  artifactKey: Guid(190761444d0588c499bcbf4d134ad6ad) Importer(815301076,1909f56bfc062723c751e8b465ee728b)
Start importing Assets/Models/Ch02_nonPBR.fbx using Guid(190761444d0588c499bcbf4d134ad6ad) Importer(815301076,1909f56bfc062723c751e8b465ee728b)  -> (artifact id: '42eb222af11048ad8f37ee15f47ffe3e') in 0.120507 seconds 
  Import took 0.125249 seconds .

========================================================================
Received Import Request.
  Time since last request: 7.526438 seconds.
  path: Assets/Models/Ch02_1001_Diffuse.png
  artifactKey: Guid(b941943348fe67a449cb339e5ebab71d) Importer(815301076,1909f56bfc062723c751e8b465ee728b)
Start importing Assets/Models/Ch02_1001_Diffuse.png using Guid(b941943348fe67a449cb339e5ebab71d) Importer(815301076,1909f56bfc062723c751e8b465ee728b)  -> (artifact id: '8ecba0f3aee68b92b07b7ff9eda764c7') in 0.020271 seconds 
  Import took 0.024576 seconds .

========================================================================
Received Import Request.
  Time since last request: 0.000237 seconds.
  path: Assets/Models/Ch02_1002_Diffuse.png
  artifactKey: Guid(c4f6b2c308bb0da4784f60a6f1ba7d6f) Importer(815301076,1909f56bfc062723c751e8b465ee728b)
Start importing Assets/Models/Ch02_1002_Diffuse.png using Guid(c4f6b2c308bb0da4784f60a6f1ba7d6f) Importer(815301076,1909f56bfc062723c751e8b465ee728b)  -> (artifact id: '7c06dabefd1dfc1821a40c192a0c80f3') in 0.021675 seconds 
  Import took 0.024768 seconds .

========================================================================
Received Import Request.
  Time since last request: 0.000337 seconds.
  path: Assets/Models/Ch02_nonPBR.fbx
  artifactKey: Guid(190761444d0588c499bcbf4d134ad6ad) Importer(815301076,1909f56bfc062723c751e8b465ee728b)
Start importing Assets/Models/Ch02_nonPBR.fbx using Guid(190761444d0588c499bcbf4d134ad6ad) Importer(815301076,1909f56bfc062723c751e8b465ee728b)  -> (artifact id: 'ebca7bdd28df8bfaac2e4ef311079dce') in 0.152625 seconds 
  Import took 0.156274 seconds .

========================================================================
Received Import Request.
  Time since last request: 0.000261 seconds.
  path: Assets/Models/Ch02_1001_Normal.png
  artifactKey: Guid(c60a144c1e4571640a4b5ba3410ec014) Importer(815301076,1909f56bfc062723c751e8b465ee728b)
Start importing Assets/Models/Ch02_1001_Normal.png using Guid(c60a144c1e4571640a4b5ba3410ec014) Importer(815301076,1909f56bfc062723c751e8b465ee728b)  -> (artifact id: 'f0b6762720ad3ed162f678a49c275fce') in 0.018340 seconds 
  Import took 0.022136 seconds .

========================================================================
Received Import Request.
  Time since last request: 0.000341 seconds.
  path: Assets/Models/Ch02_1002_Normal.png
  artifactKey: Guid(1798b04abf05a0246beb63cdcf1d5d70) Importer(815301076,1909f56bfc062723c751e8b465ee728b)
Start importing Assets/Models/Ch02_1002_Normal.png using Guid(1798b04abf05a0246beb63cdcf1d5d70) Importer(815301076,1909f56bfc062723c751e8b465ee728b)  -> (artifact id: 'e7f4f2ebc2239d522abdb3a5f87bb981') in 0.020399 seconds 
  Import took 0.023632 seconds .

========================================================================
Received Import Request.
  Time since last request: 0.000338 seconds.
  path: Assets/Models/Ch02_1001_Glossiness.png
  artifactKey: Guid(dca36a35a8f6c7541a8a192da77e26f4) Importer(815301076,1909f56bfc062723c751e8b465ee728b)
Start importing Assets/Models/Ch02_1001_Glossiness.png using Guid(dca36a35a8f6c7541a8a192da77e26f4) Importer(815301076,1909f56bfc062723c751e8b465ee728b)  -> (artifact id: '7d4d5ced269ca88adc3d61c1a7fa8b32') in 0.022440 seconds 
  Import took 0.025800 seconds .

========================================================================
Received Import Request.
  Time since last request: 0.000269 seconds.
  path: Assets/Models/Ch02_1001_Specular.png
  artifactKey: Guid(0ce9442f8b7a9624081d35f1ae251f7f) Importer(815301076,1909f56bfc062723c751e8b465ee728b)
Start importing Assets/Models/Ch02_1001_Specular.png using Guid(0ce9442f8b7a9624081d35f1ae251f7f) Importer(815301076,1909f56bfc062723c751e8b465ee728b)  -> (artifact id: '8fa387bc2fe3d3871221e065b6d7fc74') in 0.015793 seconds 
  Import took 0.019540 seconds .

========================================================================
Received Import Request.
  Time since last request: 3.258207 seconds.
  path: Assets/Models/Ch02_body.mat
  artifactKey: Guid(3054475fdbb912e4d8d60c51e13969c9) Importer(815301076,1909f56bfc062723c751e8b465ee728b)
Start importing Assets/Models/Ch02_body.mat using Guid(3054475fdbb912e4d8d60c51e13969c9) Importer(815301076,1909f56bfc062723c751e8b465ee728b)  -> (artifact id: '99e387b1c874205e14a4d544972737ca') in 0.028733 seconds 
  Import took 0.031812 seconds .

========================================================================
Received Import Request.
  Time since last request: 0.000220 seconds.
  path: Assets/Models/Ch02_nonPBR.fbx
  artifactKey: Guid(190761444d0588c499bcbf4d134ad6ad) Importer(815301076,1909f56bfc062723c751e8b465ee728b)
Start importing Assets/Models/Ch02_nonPBR.fbx using Guid(190761444d0588c499bcbf4d134ad6ad) Importer(815301076,1909f56bfc062723c751e8b465ee728b)  -> (artifact id: 'ae9ba9749f8f3a3b07a3a8b44a6719ba') in 0.128403 seconds 
  Import took 0.132952 seconds .

========================================================================
Received Import Request.
  Time since last request: 0.000365 seconds.
  path: Assets/Models/Ch02_hair.mat
  artifactKey: Guid(c2f30a294f6838841b7eaf474e65ae96) Importer(815301076,1909f56bfc062723c751e8b465ee728b)
Start importing Assets/Models/Ch02_hair.mat using Guid(c2f30a294f6838841b7eaf474e65ae96) Importer(815301076,1909f56bfc062723c751e8b465ee728b)  -> (artifact id: '72b8ef48a5192a7e7f151a27ec7dfcd2') in 0.025436 seconds 
  Import took 0.029659 seconds .

========================================================================
Received Import Request.
  Time since last request: 122.577227 seconds.
  path: Assets/Animations/zombie walk.fbx
  artifactKey: Guid(0629422f4fa8dd54a87b6b0f4aa3397a) Importer(815301076,1909f56bfc062723c751e8b465ee728b)
Start importing Assets/Animations/zombie walk.fbx using Guid(0629422f4fa8dd54a87b6b0f4aa3397a) Importer(815301076,1909f56bfc062723c751e8b465ee728b)  -> (artifact id: 'b50a843a56afe8611dff889d791f19df') in 0.017990 seconds 
  Import took 0.021958 seconds .

========================================================================
Received Prepare
Registering precompiled user dll's ...
Registered in 0.001820 seconds.
Begin MonoManager ReloadAssembly
Native extension for WindowsStandalone target not found
Refreshing native plugins compatible for Editor in 0.40 ms, found 2 plugins.
Preloading 0 native plugins for Editor in 0.00 ms.
Mono: successfully reloaded assembly
- Completed reload, in  1.125 seconds
Domain Reload Profiling:
	ReloadAssembly (1126ms)
		BeginReloadAssembly (119ms)
			ExecutionOrderSort (0ms)
			DisableScriptedObjects (4ms)
			BackupInstance (0ms)
			ReleaseScriptingObjects (0ms)
			CreateAndSetChildDomain (38ms)
		EndReloadAssembly (931ms)
			LoadAssemblies (89ms)
			RebuildTransferFunctionScriptingTraits (0ms)
			SetupTypeCache (324ms)
			ReleaseScriptCaches (1ms)
			RebuildScriptCaches (49ms)
			SetupLoadedEditorAssemblies (347ms)
				LogAssemblyErrors (0ms)
				InitializePlatformSupportModulesInManaged (6ms)
				SetLoadedEditorAssemblies (1ms)
				RefreshPlugins (0ms)
				BeforeProcessingInitializeOnLoad (82ms)
				ProcessInitializeOnLoadAttributes (247ms)
				ProcessInitializeOnLoadMethodAttributes (5ms)
				AfterProcessingInitializeOnLoad (6ms)
				EditorAssembliesLoaded (0ms)
			ExecutionOrderSort2 (0ms)
			AwakeInstancesAfterBackupRestoration (8ms)
Platform modules already initialized, skipping
Refreshing native plugins compatible for Editor in 0.39 ms, found 2 plugins.
Preloading 0 native plugins for Editor in 0.00 ms.
Unloading 1537 Unused Serialized files (Serialized files now loaded: 0)
System memory in use before: 86.9 MB.
System memory in use after: 87.0 MB.

Unloading 12 unused Assets to reduce memory usage. Loaded Objects now: 2030.
Total: 3.501600 ms (FindLiveObjects: 0.189500 ms CreateObjectMapping: 0.049000 ms MarkObjects: 3.234900 ms  DeleteObjects: 0.026700 ms)

AssetImportParameters requested are different than current active one (requested -> active):
  custom:framework-win-MediaFoundation: 216162199b28c13a410421893ffa2e32 -> 
  custom:video-decoder-ogg-theora: a1e56fd34408186e4bbccfd4996cb3dc -> 
  custom:container-muxer-webm: aa71ff27fc2769a1b78a27578f13a17b -> 
  custom:container-demuxer-webm: 4f35f7cbe854078d1ac9338744f61a02 -> 
  custom:container-demuxer-ogg: 62fdf1f143b41e24485cea50d1cbac27 -> 
  custom:video-encoder-webm-vp8: eb34c28f22e8b96e1ab97ce403110664 -> 
  custom:video-codec-MediaFoundation-h265: 746d11721c4dcdbdad8f713fa42b33f4 -> 
  custom:video-decoder-webm-vp8: 9c59270c3fd7afecdb556c50c9e8de78 -> 
  custom:audio-decoder-ogg-vorbis: bf7c407c2cedff20999df2af8eb42d56 -> 
  custom:audio-encoder-webm-vorbis: bf7c407c2cedff20999df2af8eb42d56 -> 
========================================================================
Received Import Request.
  Time since last request: 119.295226 seconds.
  path: Assets/Animations/Timeline.playable
  artifactKey: Guid(b2977b94082ca8d4daf922654e899320) Importer(815301076,1909f56bfc062723c751e8b465ee728b)
Start importing Assets/Animations/Timeline.playable using Guid(b2977b94082ca8d4daf922654e899320) Importer(815301076,1909f56bfc062723c751e8b465ee728b)  -> (artifact id: 'dfce7678f4b81edde57059ecad761d4d') in 0.031269 seconds 
  Import took 0.035481 seconds .

========================================================================
Received Import Request.
  Time since last request: 56.247817 seconds.
  path: Assets/Animations/Slow Run.fbx
  artifactKey: Guid(d9fd498c6d86b97488f917bfb92b5cb4) Importer(815301076,1909f56bfc062723c751e8b465ee728b)
Start importing Assets/Animations/Slow Run.fbx using Guid(d9fd498c6d86b97488f917bfb92b5cb4) Importer(815301076,1909f56bfc062723c751e8b465ee728b)  -> (artifact id: '062e5f25c363f2945d98a59fde5fb04e') in 0.026180 seconds 
  Import took 0.029885 seconds .

========================================================================
Received Import Request.
  Time since last request: 7.932705 seconds.
  path: Assets/Animations/Slow Run.fbx
  artifactKey: Guid(d9fd498c6d86b97488f917bfb92b5cb4) Importer(815301076,1909f56bfc062723c751e8b465ee728b)
Start importing Assets/Animations/Slow Run.fbx using Guid(d9fd498c6d86b97488f917bfb92b5cb4) Importer(815301076,1909f56bfc062723c751e8b465ee728b)  -> (artifact id: '2a25db19b343a3213210d4415179b4fd') in 0.009646 seconds 
  Import took 0.013537 seconds .

========================================================================
Received Import Request.
  Time since last request: 19.468844 seconds.
  path: Assets/Animations/Slow Run.fbx
  artifactKey: Guid(d9fd498c6d86b97488f917bfb92b5cb4) Importer(815301076,1909f56bfc062723c751e8b465ee728b)
Start importing Assets/Animations/Slow Run.fbx using Guid(d9fd498c6d86b97488f917bfb92b5cb4) Importer(815301076,1909f56bfc062723c751e8b465ee728b)  -> (artifact id: '03482a8bfa9c0d7b2e0b0e21a2c21cc7') in 0.008475 seconds 
  Import took 0.012754 seconds .

========================================================================
Received Prepare
Registering precompiled user dll's ...
Registered in 0.002534 seconds.
Begin MonoManager ReloadAssembly
Native extension for WindowsStandalone target not found
Refreshing native plugins compatible for Editor in 0.40 ms, found 2 plugins.
Preloading 0 native plugins for Editor in 0.00 ms.
Mono: successfully reloaded assembly
- Completed reload, in  1.099 seconds
Domain Reload Profiling:
	ReloadAssembly (1100ms)
		BeginReloadAssembly (117ms)
			ExecutionOrderSort (0ms)
			DisableScriptedObjects (5ms)
			BackupInstance (0ms)
			ReleaseScriptingObjects (0ms)
			CreateAndSetChildDomain (35ms)
		EndReloadAssembly (911ms)
			LoadAssemblies (89ms)
			RebuildTransferFunctionScriptingTraits (0ms)
			SetupTypeCache (318ms)
			ReleaseScriptCaches (1ms)
			RebuildScriptCaches (51ms)
			SetupLoadedEditorAssemblies (340ms)
				LogAssemblyErrors (0ms)
				InitializePlatformSupportModulesInManaged (7ms)
				SetLoadedEditorAssemblies (1ms)
				RefreshPlugins (0ms)
				BeforeProcessingInitializeOnLoad (84ms)
				ProcessInitializeOnLoadAttributes (236ms)
				ProcessInitializeOnLoadMethodAttributes (5ms)
				AfterProcessingInitializeOnLoad (6ms)
				EditorAssembliesLoaded (0ms)
			ExecutionOrderSort2 (0ms)
			AwakeInstancesAfterBackupRestoration (8ms)
Platform modules already initialized, skipping
Refreshing native plugins compatible for Editor in 0.38 ms, found 2 plugins.
Preloading 0 native plugins for Editor in 0.00 ms.
Unloading 1537 Unused Serialized files (Serialized files now loaded: 0)
System memory in use before: 86.9 MB.
System memory in use after: 87.0 MB.

Unloading 12 unused Assets to reduce memory usage. Loaded Objects now: 2032.
Total: 4.618200 ms (FindLiveObjects: 0.263800 ms CreateObjectMapping: 0.094900 ms MarkObjects: 4.233400 ms  DeleteObjects: 0.023700 ms)

AssetImportParameters requested are different than current active one (requested -> active):
  custom:framework-win-MediaFoundation: 216162199b28c13a410421893ffa2e32 -> 
  custom:video-decoder-ogg-theora: a1e56fd34408186e4bbccfd4996cb3dc -> 
  custom:container-muxer-webm: aa71ff27fc2769a1b78a27578f13a17b -> 
  custom:container-demuxer-webm: 4f35f7cbe854078d1ac9338744f61a02 -> 
  custom:container-demuxer-ogg: 62fdf1f143b41e24485cea50d1cbac27 -> 
  custom:video-encoder-webm-vp8: eb34c28f22e8b96e1ab97ce403110664 -> 
  custom:video-codec-MediaFoundation-h265: 746d11721c4dcdbdad8f713fa42b33f4 -> 
  custom:video-decoder-webm-vp8: 9c59270c3fd7afecdb556c50c9e8de78 -> 
  custom:audio-decoder-ogg-vorbis: bf7c407c2cedff20999df2af8eb42d56 -> 
  custom:audio-encoder-webm-vorbis: bf7c407c2cedff20999df2af8eb42d56 -> 
========================================================================
Received Import Request.
  Time since last request: 86.648632 seconds.
  path: Assets/Animations/Timeline.playable
  artifactKey: Guid(b2977b94082ca8d4daf922654e899320) Importer(815301076,1909f56bfc062723c751e8b465ee728b)
Start importing Assets/Animations/Timeline.playable using Guid(b2977b94082ca8d4daf922654e899320) Importer(815301076,1909f56bfc062723c751e8b465ee728b)  -> (artifact id: '1b56768e78437b5a8c9aabf054711a1e') in 0.031923 seconds 
  Import took 0.035075 seconds .

========================================================================
Received Prepare
Registering precompiled user dll's ...
Registered in 0.001805 seconds.
Begin MonoManager ReloadAssembly
Native extension for WindowsStandalone target not found
Refreshing native plugins compatible for Editor in 0.39 ms, found 2 plugins.
Preloading 0 native plugins for Editor in 0.00 ms.
Mono: successfully reloaded assembly
- Completed reload, in  1.093 seconds
Domain Reload Profiling:
	ReloadAssembly (1093ms)
		BeginReloadAssembly (114ms)
			ExecutionOrderSort (0ms)
			DisableScriptedObjects (6ms)
			BackupInstance (0ms)
			ReleaseScriptingObjects (0ms)
			CreateAndSetChildDomain (37ms)
		EndReloadAssembly (900ms)
			LoadAssemblies (89ms)
			RebuildTransferFunctionScriptingTraits (0ms)
			SetupTypeCache (309ms)
			ReleaseScriptCaches (1ms)
			RebuildScriptCaches (49ms)
			SetupLoadedEditorAssemblies (336ms)
				LogAssemblyErrors (0ms)
				InitializePlatformSupportModulesInManaged (6ms)
				SetLoadedEditorAssemblies (1ms)
				RefreshPlugins (0ms)
				BeforeProcessingInitializeOnLoad (84ms)
				ProcessInitializeOnLoadAttributes (234ms)
				ProcessInitializeOnLoadMethodAttributes (5ms)
				AfterProcessingInitializeOnLoad (6ms)
				EditorAssembliesLoaded (0ms)
			ExecutionOrderSort2 (0ms)
			AwakeInstancesAfterBackupRestoration (8ms)
Platform modules already initialized, skipping
Refreshing native plugins compatible for Editor in 0.45 ms, found 2 plugins.
Preloading 0 native plugins for Editor in 0.00 ms.
Unloading 1537 Unused Serialized files (Serialized files now loaded: 0)
System memory in use before: 86.9 MB.
System memory in use after: 87.0 MB.

Unloading 12 unused Assets to reduce memory usage. Loaded Objects now: 2034.
Total: 4.185100 ms (FindLiveObjects: 0.257600 ms CreateObjectMapping: 0.093400 ms MarkObjects: 3.809800 ms  DeleteObjects: 0.022400 ms)

AssetImportParameters requested are different than current active one (requested -> active):
  custom:framework-win-MediaFoundation: 216162199b28c13a410421893ffa2e32 -> 
  custom:video-decoder-ogg-theora: a1e56fd34408186e4bbccfd4996cb3dc -> 
  custom:container-muxer-webm: aa71ff27fc2769a1b78a27578f13a17b -> 
  custom:container-demuxer-webm: 4f35f7cbe854078d1ac9338744f61a02 -> 
  custom:container-demuxer-ogg: 62fdf1f143b41e24485cea50d1cbac27 -> 
  custom:video-encoder-webm-vp8: eb34c28f22e8b96e1ab97ce403110664 -> 
  custom:video-codec-MediaFoundation-h265: 746d11721c4dcdbdad8f713fa42b33f4 -> 
  custom:video-decoder-webm-vp8: 9c59270c3fd7afecdb556c50c9e8de78 -> 
  custom:audio-decoder-ogg-vorbis: bf7c407c2cedff20999df2af8eb42d56 -> 
  custom:audio-encoder-webm-vorbis: bf7c407c2cedff20999df2af8eb42d56 -> 
========================================================================
Received Import Request.
  Time since last request: 159.618054 seconds.
  path: Assets/Animations/Timeline.playable
  artifactKey: Guid(b2977b94082ca8d4daf922654e899320) Importer(815301076,1909f56bfc062723c751e8b465ee728b)
Start importing Assets/Animations/Timeline.playable using Guid(b2977b94082ca8d4daf922654e899320) Importer(815301076,1909f56bfc062723c751e8b465ee728b)  -> (artifact id: '0904d08184bd1a0c4d982acef8b5b795') in 0.031485 seconds 
  Import took 0.034836 seconds .

========================================================================
Received Prepare
Registering precompiled user dll's ...
Registered in 0.001772 seconds.
Begin MonoManager ReloadAssembly
Native extension for WindowsStandalone target not found
Refreshing native plugins compatible for Editor in 0.40 ms, found 2 plugins.
Preloading 0 native plugins for Editor in 0.00 ms.
Mono: successfully reloaded assembly
- Completed reload, in  1.075 seconds
Domain Reload Profiling:
	ReloadAssembly (1075ms)
		BeginReloadAssembly (110ms)
			ExecutionOrderSort (0ms)
			DisableScriptedObjects (5ms)
			BackupInstance (0ms)
			ReleaseScriptingObjects (0ms)
			CreateAndSetChildDomain (35ms)
		EndReloadAssembly (894ms)
			LoadAssemblies (88ms)
			RebuildTransferFunctionScriptingTraits (0ms)
			SetupTypeCache (306ms)
			ReleaseScriptCaches (1ms)
			RebuildScriptCaches (50ms)
			SetupLoadedEditorAssemblies (335ms)
				LogAssemblyErrors (0ms)
				InitializePlatformSupportModulesInManaged (6ms)
				SetLoadedEditorAssemblies (0ms)
				RefreshPlugins (0ms)
				BeforeProcessingInitializeOnLoad (82ms)
				ProcessInitializeOnLoadAttributes (237ms)
				ProcessInitializeOnLoadMethodAttributes (4ms)
				AfterProcessingInitializeOnLoad (6ms)
				EditorAssembliesLoaded (0ms)
			ExecutionOrderSort2 (0ms)
			AwakeInstancesAfterBackupRestoration (7ms)
Platform modules already initialized, skipping
Refreshing native plugins compatible for Editor in 0.38 ms, found 2 plugins.
Preloading 0 native plugins for Editor in 0.00 ms.
Unloading 1537 Unused Serialized files (Serialized files now loaded: 0)
System memory in use before: 86.9 MB.
System memory in use after: 87.0 MB.

Unloading 12 unused Assets to reduce memory usage. Loaded Objects now: 2036.
Total: 4.165600 ms (FindLiveObjects: 0.215500 ms CreateObjectMapping: 0.050400 ms MarkObjects: 3.876100 ms  DeleteObjects: 0.021900 ms)

AssetImportParameters requested are different than current active one (requested -> active):
  custom:framework-win-MediaFoundation: 216162199b28c13a410421893ffa2e32 -> 
  custom:video-decoder-ogg-theora: a1e56fd34408186e4bbccfd4996cb3dc -> 
  custom:container-muxer-webm: aa71ff27fc2769a1b78a27578f13a17b -> 
  custom:container-demuxer-webm: 4f35f7cbe854078d1ac9338744f61a02 -> 
  custom:container-demuxer-ogg: 62fdf1f143b41e24485cea50d1cbac27 -> 
  custom:video-encoder-webm-vp8: eb34c28f22e8b96e1ab97ce403110664 -> 
  custom:video-codec-MediaFoundation-h265: 746d11721c4dcdbdad8f713fa42b33f4 -> 
  custom:video-decoder-webm-vp8: 9c59270c3fd7afecdb556c50c9e8de78 -> 
  custom:audio-decoder-ogg-vorbis: bf7c407c2cedff20999df2af8eb42d56 -> 
  custom:audio-encoder-webm-vorbis: bf7c407c2cedff20999df2af8eb42d56 -> 
AssetImportWorkerClient::OnTransportError - code=2 error=End of file
